2017-03-13 19:23:55.908  INFO 3392 --- [main] c.u.backend.outerapi.WebapiApplication   : Starting WebapiApplication on PC-20090205KPMU with PID 3392 (E:\shanghhs\ugms\outer-api\target\classes started by Administrator in E:\shanghhs\ugms)
2017-03-13 19:23:55.951  INFO 3392 --- [main] c.u.backend.outerapi.WebapiApplication   : The following profiles are active: dev
2017-03-13 19:23:56.191  INFO 3392 --- [main] ationConfigEmbeddedWebApplicationContext : Refreshing org.springframework.boot.context.embedded.AnnotationConfigEmbeddedWebApplicationContext@37091312: startup date [Mon Mar 13 19:23:56 CST 2017]; root of context hierarchy
2017-03-13 19:24:00.726  INFO 3392 --- [main] .s.d.r.c.RepositoryConfigurationDelegate : Multiple Spring Data modules found, entering strict repository configuration mode!
2017-03-13 19:24:01.380  INFO 3392 --- [main] .s.d.r.c.RepositoryConfigurationDelegate : Multiple Spring Data modules found, entering strict repository configuration mode!
2017-03-13 19:24:01.464  INFO 3392 --- [main] .RepositoryConfigurationExtensionSupport : Spring Data Redis - Could not safely identify store assignment for repository candidate interface UserRepository.
2017-03-13 19:24:01.469  INFO 3392 --- [main] .RepositoryConfigurationExtensionSupport : Spring Data Redis - Could not safely identify store assignment for repository candidate interface ResourceRepository.
2017-03-13 19:24:01.470  INFO 3392 --- [main] .RepositoryConfigurationExtensionSupport : Spring Data Redis - Could not safely identify store assignment for repository candidate interface RoleRepository.
2017-03-13 19:24:01.471  INFO 3392 --- [main] .RepositoryConfigurationExtensionSupport : Spring Data Redis - Could not safely identify store assignment for repository candidate interface RoleResourceRepository.
2017-03-13 19:24:02.702  INFO 3392 --- [main] trationDelegate$BeanPostProcessorChecker : Bean 'webapiConfiguration' of type [class WebapiConfiguration$$EnhancerBySpringCGLIB$$d775beb2] is not eligible for getting processed by all BeanPostProcessors (for example: not eligible for auto-proxying)
2017-03-13 19:24:03.132  INFO 3392 --- [main] trationDelegate$BeanPostProcessorChecker : Bean 'org.springframework.transaction.annotation.ProxyTransactionManagementConfiguration' of type [class org.springframework.transaction.annotation.ProxyTransactionManagementConfiguration$$EnhancerBySpringCGLIB$$1d6b51e9] is not eligible for getting processed by all BeanPostProcessors (for example: not eligible for auto-proxying)
2017-03-13 19:24:03.306  INFO 3392 --- [main] trationDelegate$BeanPostProcessorChecker : Bean 'org.springframework.security.config.annotation.configuration.ObjectPostProcessorConfiguration' of type [class org.springframework.security.config.annotation.configuration.ObjectPostProcessorConfiguration$$EnhancerBySpringCGLIB$$b6191a23] is not eligible for getting processed by all BeanPostProcessors (for example: not eligible for auto-proxying)
2017-03-13 19:24:03.333  INFO 3392 --- [main] trationDelegate$BeanPostProcessorChecker : Bean 'objectPostProcessor' of type [class org.springframework.security.config.annotation.configuration.AutowireBeanFactoryObjectPostProcessor] is not eligible for getting processed by all BeanPostProcessors (for example: not eligible for auto-proxying)
2017-03-13 19:24:03.336  INFO 3392 --- [main] trationDelegate$BeanPostProcessorChecker : Bean 'org.springframework.security.access.expression.method.DefaultMethodSecurityExpressionHandler@62e73ab6' of type [class org.springframework.security.access.expression.method.DefaultMethodSecurityExpressionHandler] is not eligible for getting processed by all BeanPostProcessors (for example: not eligible for auto-proxying)
2017-03-13 19:24:03.351  INFO 3392 --- [main] trationDelegate$BeanPostProcessorChecker : Bean 'methodSecurityConfiguration' of type [class MethodSecurityConfiguration$$EnhancerBySpringCGLIB$$1f61c7e1] is not eligible for getting processed by all BeanPostProcessors (for example: not eligible for auto-proxying)
2017-03-13 19:24:03.487  INFO 3392 --- [main] trationDelegate$BeanPostProcessorChecker : Bean 'methodSecurityMetadataSource' of type [class org.springframework.security.access.method.DelegatingMethodSecurityMetadataSource] is not eligible for getting processed by all BeanPostProcessors (for example: not eligible for auto-proxying)
2017-03-13 19:24:05.903  INFO 3392 --- [main] s.b.c.e.t.TomcatEmbeddedServletContainer : Tomcat initialized with port(s): 8081 (http)
2017-03-13 19:24:05.976  INFO 3392 --- [main] o.apache.catalina.core.StandardService   : Starting service Tomcat
2017-03-13 19:24:05.981  INFO 3392 --- [main] org.apache.catalina.core.StandardEngine  : Starting Servlet Engine: Apache Tomcat/8.5.6
2017-03-13 19:24:06.609  INFO 3392 --- [localhost-startStop-1] o.a.c.c.C.[Tomcat].[localhost].[/]       : Initializing Spring embedded WebApplicationContext
2017-03-13 19:24:06.610  INFO 3392 --- [localhost-startStop-1] o.s.web.context.ContextLoader            : Root WebApplicationContext: initialization completed in 10419 ms
2017-03-13 19:24:10.141  INFO 3392 --- [localhost-startStop-1] j.LocalContainerEntityManagerFactoryBean : Building JPA container EntityManagerFactory for persistence unit 'default'
2017-03-13 19:24:10.194  INFO 3392 --- [localhost-startStop-1] o.hibernate.jpa.internal.util.LogHelper  : HHH000204: Processing PersistenceUnitInfo [
	name: default
	...]
2017-03-13 19:24:10.532  INFO 3392 --- [localhost-startStop-1] org.hibernate.Version                    : HHH000412: Hibernate Core {5.0.11.Final}
2017-03-13 19:24:10.537  INFO 3392 --- [localhost-startStop-1] org.hibernate.cfg.Environment            : HHH000206: hibernate.properties not found
2017-03-13 19:24:10.541  INFO 3392 --- [localhost-startStop-1] org.hibernate.cfg.Environment            : HHH000021: Bytecode provider name : javassist
2017-03-13 19:24:11.183  INFO 3392 --- [localhost-startStop-1] o.hibernate.annotations.common.Version   : HCANN000001: Hibernate Commons Annotations {5.0.1.Final}
2017-03-13 19:24:11.700  INFO 3392 --- [localhost-startStop-1] com.alibaba.druid.pool.DruidDataSource   : {dataSource-1} inited
2017-03-13 19:24:13.056  INFO 3392 --- [localhost-startStop-1] org.hibernate.dialect.Dialect            : HHH000400: Using dialect: org.hibernate.dialect.MySQL5Dialect
2017-03-13 19:24:14.654  INFO 3392 --- [localhost-startStop-1] j.LocalContainerEntityManagerFactoryBean : Initialized JPA EntityManagerFactory for persistence unit 'default'
2017-03-13 19:24:15.276  INFO 3392 --- [localhost-startStop-1] o.h.h.i.QueryTranslatorFactoryInitiator  : HHH000397: Using ASTQueryTranslatorFactory
2017-03-13 19:24:15.735 ERROR 3392 --- [localhost-startStop-1] o.s.b.c.embedded.tomcat.TomcatStarter    : Error starting Tomcat context. Exception: org.springframework.beans.factory.UnsatisfiedDependencyException. Message: Error creating bean with name 'securityConfiguration': Unsatisfied dependency expressed through field 'authenticationFilter'; nested exception is org.springframework.beans.factory.UnsatisfiedDependencyException: Error creating bean with name 'authenticationFilter': Unsatisfied dependency expressed through field 'userService'; nested exception is org.springframework.beans.factory.UnsatisfiedDependencyException: Error creating bean with name 'userService': Unsatisfied dependency expressed through field 'bCryptPasswordEncoder'; nested exception is org.springframework.beans.factory.NoSuchBeanDefinitionException: No qualifying bean of type 'org.springframework.security.crypto.bcrypt.BCryptPasswordEncoder' available: expected at least 1 bean which qualifies as autowire candidate. Dependency annotations: {@org.springframework.beans.factory.annotation.Autowired(required=true)}
2017-03-13 19:24:15.921  WARN 3392 --- [main] ationConfigEmbeddedWebApplicationContext : Exception encountered during context initialization - cancelling refresh attempt: org.springframework.context.ApplicationContextException: Unable to start embedded container; nested exception is org.springframework.boot.context.embedded.EmbeddedServletContainerException: Unable to start embedded Tomcat
2017-03-13 19:24:15.922  INFO 3392 --- [main] j.LocalContainerEntityManagerFactoryBean : Closing JPA EntityManagerFactory for persistence unit 'default'
2017-03-13 19:24:15.944  INFO 3392 --- [main] com.alibaba.druid.pool.DruidDataSource   : {dataSource-1} closed
2017-03-13 19:24:16.255 ERROR 3392 --- [main] o.s.b.d.LoggingFailureAnalysisReporter   : 

***************************
APPLICATION FAILED TO START
***************************

Description:

Field bCryptPasswordEncoder in UserService required a bean of type 'org.springframework.security.crypto.bcrypt.BCryptPasswordEncoder' that could not be found.


Action:

Consider defining a bean of type 'org.springframework.security.crypto.bcrypt.BCryptPasswordEncoder' in your configuration.

2017-03-13 23:36:25.284  INFO 5552 --- [main] c.u.backend.outerapi.WebapiApplication   : Starting WebapiApplication on PC-20090205KPMU with PID 5552 (E:\shanghhs\ugms\outer-api\target\classes started by Administrator in E:\shanghhs\ugms)
2017-03-13 23:36:25.345  INFO 5552 --- [main] c.u.backend.outerapi.WebapiApplication   : The following profiles are active: dev
2017-03-13 23:36:25.714  INFO 5552 --- [main] ationConfigEmbeddedWebApplicationContext : Refreshing org.springframework.boot.context.embedded.AnnotationConfigEmbeddedWebApplicationContext@604c5de8: startup date [Mon Mar 13 23:36:25 CST 2017]; root of context hierarchy
2017-03-13 23:36:30.101  INFO 5552 --- [main] .s.d.r.c.RepositoryConfigurationDelegate : Multiple Spring Data modules found, entering strict repository configuration mode!
2017-03-13 23:36:30.865  INFO 5552 --- [main] .s.d.r.c.RepositoryConfigurationDelegate : Multiple Spring Data modules found, entering strict repository configuration mode!
2017-03-13 23:36:30.979  INFO 5552 --- [main] .RepositoryConfigurationExtensionSupport : Spring Data Redis - Could not safely identify store assignment for repository candidate interface UserRepository.
2017-03-13 23:36:30.984  INFO 5552 --- [main] .RepositoryConfigurationExtensionSupport : Spring Data Redis - Could not safely identify store assignment for repository candidate interface ResourceRepository.
2017-03-13 23:36:30.986  INFO 5552 --- [main] .RepositoryConfigurationExtensionSupport : Spring Data Redis - Could not safely identify store assignment for repository candidate interface RoleRepository.
2017-03-13 23:36:30.988  INFO 5552 --- [main] .RepositoryConfigurationExtensionSupport : Spring Data Redis - Could not safely identify store assignment for repository candidate interface RoleResourceRepository.
2017-03-13 23:36:32.186  INFO 5552 --- [main] trationDelegate$BeanPostProcessorChecker : Bean 'webapiConfiguration' of type [class WebapiConfiguration$$EnhancerBySpringCGLIB$$48161c83] is not eligible for getting processed by all BeanPostProcessors (for example: not eligible for auto-proxying)
2017-03-13 23:36:32.541  INFO 5552 --- [main] trationDelegate$BeanPostProcessorChecker : Bean 'org.springframework.transaction.annotation.ProxyTransactionManagementConfiguration' of type [class org.springframework.transaction.annotation.ProxyTransactionManagementConfiguration$$EnhancerBySpringCGLIB$$8e0bafba] is not eligible for getting processed by all BeanPostProcessors (for example: not eligible for auto-proxying)
2017-03-13 23:36:32.695  INFO 5552 --- [main] trationDelegate$BeanPostProcessorChecker : Bean 'org.springframework.security.config.annotation.configuration.ObjectPostProcessorConfiguration' of type [class org.springframework.security.config.annotation.configuration.ObjectPostProcessorConfiguration$$EnhancerBySpringCGLIB$$26b977f4] is not eligible for getting processed by all BeanPostProcessors (for example: not eligible for auto-proxying)
2017-03-13 23:36:32.726  INFO 5552 --- [main] trationDelegate$BeanPostProcessorChecker : Bean 'objectPostProcessor' of type [class org.springframework.security.config.annotation.configuration.AutowireBeanFactoryObjectPostProcessor] is not eligible for getting processed by all BeanPostProcessors (for example: not eligible for auto-proxying)
2017-03-13 23:36:32.731  INFO 5552 --- [main] trationDelegate$BeanPostProcessorChecker : Bean 'org.springframework.security.access.expression.method.DefaultMethodSecurityExpressionHandler@4e48462d' of type [class org.springframework.security.access.expression.method.DefaultMethodSecurityExpressionHandler] is not eligible for getting processed by all BeanPostProcessors (for example: not eligible for auto-proxying)
2017-03-13 23:36:32.745  INFO 5552 --- [main] trationDelegate$BeanPostProcessorChecker : Bean 'methodSecurityConfiguration' of type [class MethodSecurityConfiguration$$EnhancerBySpringCGLIB$$900225b2] is not eligible for getting processed by all BeanPostProcessors (for example: not eligible for auto-proxying)
2017-03-13 23:36:32.777  INFO 5552 --- [main] trationDelegate$BeanPostProcessorChecker : Bean 'methodSecurityMetadataSource' of type [class org.springframework.security.access.method.DelegatingMethodSecurityMetadataSource] is not eligible for getting processed by all BeanPostProcessors (for example: not eligible for auto-proxying)
2017-03-13 23:36:34.270  INFO 5552 --- [main] s.b.c.e.t.TomcatEmbeddedServletContainer : Tomcat initialized with port(s): 8081 (http)
2017-03-13 23:36:34.372  INFO 5552 --- [main] o.apache.catalina.core.StandardService   : Starting service Tomcat
2017-03-13 23:36:34.377  INFO 5552 --- [main] org.apache.catalina.core.StandardEngine  : Starting Servlet Engine: Apache Tomcat/8.5.6
2017-03-13 23:36:35.019  INFO 5552 --- [localhost-startStop-1] o.a.c.c.C.[Tomcat].[localhost].[/]       : Initializing Spring embedded WebApplicationContext
2017-03-13 23:36:35.020  INFO 5552 --- [localhost-startStop-1] o.s.web.context.ContextLoader            : Root WebApplicationContext: initialization completed in 9307 ms
2017-03-13 23:36:37.129  INFO 5552 --- [localhost-startStop-1] j.LocalContainerEntityManagerFactoryBean : Building JPA container EntityManagerFactory for persistence unit 'default'
2017-03-13 23:36:37.182  INFO 5552 --- [localhost-startStop-1] o.hibernate.jpa.internal.util.LogHelper  : HHH000204: Processing PersistenceUnitInfo [
	name: default
	...]
2017-03-13 23:36:37.516  INFO 5552 --- [localhost-startStop-1] org.hibernate.Version                    : HHH000412: Hibernate Core {5.0.11.Final}
2017-03-13 23:36:37.522  INFO 5552 --- [localhost-startStop-1] org.hibernate.cfg.Environment            : HHH000206: hibernate.properties not found
2017-03-13 23:36:37.526  INFO 5552 --- [localhost-startStop-1] org.hibernate.cfg.Environment            : HHH000021: Bytecode provider name : javassist
2017-03-13 23:36:38.069  INFO 5552 --- [localhost-startStop-1] o.hibernate.annotations.common.Version   : HCANN000001: Hibernate Commons Annotations {5.0.1.Final}
2017-03-13 23:36:38.804  INFO 5552 --- [localhost-startStop-1] com.alibaba.druid.pool.DruidDataSource   : {dataSource-1} inited
2017-03-13 23:36:40.560  INFO 5552 --- [localhost-startStop-1] org.hibernate.dialect.Dialect            : HHH000400: Using dialect: org.hibernate.dialect.MySQL5Dialect
2017-03-13 23:36:41.839  INFO 5552 --- [localhost-startStop-1] j.LocalContainerEntityManagerFactoryBean : Initialized JPA EntityManagerFactory for persistence unit 'default'
2017-03-13 23:36:42.456  INFO 5552 --- [localhost-startStop-1] o.h.h.i.QueryTranslatorFactoryInitiator  : HHH000397: Using ASTQueryTranslatorFactory
2017-03-13 23:36:42.783 ERROR 5552 --- [localhost-startStop-1] o.s.b.c.embedded.tomcat.TomcatStarter    : Error starting Tomcat context. Exception: org.springframework.beans.factory.UnsatisfiedDependencyException. Message: Error creating bean with name 'securityConfiguration': Unsatisfied dependency expressed through field 'authenticationFilter'; nested exception is org.springframework.beans.factory.UnsatisfiedDependencyException: Error creating bean with name 'authenticationFilter': Unsatisfied dependency expressed through field 'userService'; nested exception is org.springframework.beans.factory.UnsatisfiedDependencyException: Error creating bean with name 'userService': Unsatisfied dependency expressed through field 'bCryptPasswordEncoder'; nested exception is org.springframework.beans.factory.NoSuchBeanDefinitionException: No qualifying bean of type 'org.springframework.security.crypto.bcrypt.BCryptPasswordEncoder' available: expected at least 1 bean which qualifies as autowire candidate. Dependency annotations: {@org.springframework.beans.factory.annotation.Autowired(required=true)}
2017-03-13 23:36:43.009  WARN 5552 --- [main] ationConfigEmbeddedWebApplicationContext : Exception encountered during context initialization - cancelling refresh attempt: org.springframework.context.ApplicationContextException: Unable to start embedded container; nested exception is org.springframework.boot.context.embedded.EmbeddedServletContainerException: Unable to start embedded Tomcat
2017-03-13 23:36:43.010  INFO 5552 --- [main] j.LocalContainerEntityManagerFactoryBean : Closing JPA EntityManagerFactory for persistence unit 'default'
2017-03-13 23:36:43.030  INFO 5552 --- [main] com.alibaba.druid.pool.DruidDataSource   : {dataSource-1} closed
2017-03-13 23:36:43.308 ERROR 5552 --- [main] o.s.b.d.LoggingFailureAnalysisReporter   : 

***************************
APPLICATION FAILED TO START
***************************

Description:

Field bCryptPasswordEncoder in UserService required a bean of type 'org.springframework.security.crypto.bcrypt.BCryptPasswordEncoder' that could not be found.


Action:

Consider defining a bean of type 'org.springframework.security.crypto.bcrypt.BCryptPasswordEncoder' in your configuration.

2017-03-13 23:39:50.005  INFO 2740 --- [main] c.u.backend.outerapi.WebapiApplication   : Starting WebapiApplication on PC-20090205KPMU with PID 2740 (E:\shanghhs\ugms\outer-api\target\classes started by Administrator in E:\shanghhs\ugms)
2017-03-13 23:39:50.016  INFO 2740 --- [main] c.u.backend.outerapi.WebapiApplication   : The following profiles are active: dev
2017-03-13 23:39:50.243  INFO 2740 --- [main] ationConfigEmbeddedWebApplicationContext : Refreshing org.springframework.boot.context.embedded.AnnotationConfigEmbeddedWebApplicationContext@604c5de8: startup date [Mon Mar 13 23:39:50 CST 2017]; root of context hierarchy
2017-03-13 23:39:53.377  INFO 2740 --- [main] .s.d.r.c.RepositoryConfigurationDelegate : Multiple Spring Data modules found, entering strict repository configuration mode!
2017-03-13 23:39:54.000  INFO 2740 --- [main] .s.d.r.c.RepositoryConfigurationDelegate : Multiple Spring Data modules found, entering strict repository configuration mode!
2017-03-13 23:39:54.091  INFO 2740 --- [main] .RepositoryConfigurationExtensionSupport : Spring Data Redis - Could not safely identify store assignment for repository candidate interface UserRepository.
2017-03-13 23:39:54.097  INFO 2740 --- [main] .RepositoryConfigurationExtensionSupport : Spring Data Redis - Could not safely identify store assignment for repository candidate interface ResourceRepository.
2017-03-13 23:39:54.099  INFO 2740 --- [main] .RepositoryConfigurationExtensionSupport : Spring Data Redis - Could not safely identify store assignment for repository candidate interface RoleRepository.
2017-03-13 23:39:54.101  INFO 2740 --- [main] .RepositoryConfigurationExtensionSupport : Spring Data Redis - Could not safely identify store assignment for repository candidate interface RoleResourceRepository.
2017-03-13 23:39:54.845  INFO 2740 --- [main] trationDelegate$BeanPostProcessorChecker : Bean 'webapiConfiguration' of type [class WebapiConfiguration$$EnhancerBySpringCGLIB$$2bebd20f] is not eligible for getting processed by all BeanPostProcessors (for example: not eligible for auto-proxying)
2017-03-13 23:39:55.132  INFO 2740 --- [main] trationDelegate$BeanPostProcessorChecker : Bean 'org.springframework.transaction.annotation.ProxyTransactionManagementConfiguration' of type [class org.springframework.transaction.annotation.ProxyTransactionManagementConfiguration$$EnhancerBySpringCGLIB$$71e16546] is not eligible for getting processed by all BeanPostProcessors (for example: not eligible for auto-proxying)
2017-03-13 23:39:55.247  INFO 2740 --- [main] trationDelegate$BeanPostProcessorChecker : Bean 'org.springframework.security.config.annotation.configuration.ObjectPostProcessorConfiguration' of type [class org.springframework.security.config.annotation.configuration.ObjectPostProcessorConfiguration$$EnhancerBySpringCGLIB$$a8f2d80] is not eligible for getting processed by all BeanPostProcessors (for example: not eligible for auto-proxying)
2017-03-13 23:39:55.276  INFO 2740 --- [main] trationDelegate$BeanPostProcessorChecker : Bean 'objectPostProcessor' of type [class org.springframework.security.config.annotation.configuration.AutowireBeanFactoryObjectPostProcessor] is not eligible for getting processed by all BeanPostProcessors (for example: not eligible for auto-proxying)
2017-03-13 23:39:55.283  INFO 2740 --- [main] trationDelegate$BeanPostProcessorChecker : Bean 'org.springframework.security.access.expression.method.DefaultMethodSecurityExpressionHandler@7ea71fc2' of type [class org.springframework.security.access.expression.method.DefaultMethodSecurityExpressionHandler] is not eligible for getting processed by all BeanPostProcessors (for example: not eligible for auto-proxying)
2017-03-13 23:39:55.304  INFO 2740 --- [main] trationDelegate$BeanPostProcessorChecker : Bean 'methodSecurityConfiguration' of type [class MethodSecurityConfiguration$$EnhancerBySpringCGLIB$$73d7db3e] is not eligible for getting processed by all BeanPostProcessors (for example: not eligible for auto-proxying)
2017-03-13 23:39:55.334  INFO 2740 --- [main] trationDelegate$BeanPostProcessorChecker : Bean 'methodSecurityMetadataSource' of type [class org.springframework.security.access.method.DelegatingMethodSecurityMetadataSource] is not eligible for getting processed by all BeanPostProcessors (for example: not eligible for auto-proxying)
2017-03-13 23:39:56.607  INFO 2740 --- [main] s.b.c.e.t.TomcatEmbeddedServletContainer : Tomcat initialized with port(s): 8081 (http)
2017-03-13 23:39:56.642  INFO 2740 --- [main] o.apache.catalina.core.StandardService   : Starting service Tomcat
2017-03-13 23:39:56.648  INFO 2740 --- [main] org.apache.catalina.core.StandardEngine  : Starting Servlet Engine: Apache Tomcat/8.5.6
2017-03-13 23:39:57.011  INFO 2740 --- [localhost-startStop-1] o.a.c.c.C.[Tomcat].[localhost].[/]       : Initializing Spring embedded WebApplicationContext
2017-03-13 23:39:57.012  INFO 2740 --- [localhost-startStop-1] o.s.web.context.ContextLoader            : Root WebApplicationContext: initialization completed in 6770 ms
2017-03-13 23:39:59.043  INFO 2740 --- [localhost-startStop-1] j.LocalContainerEntityManagerFactoryBean : Building JPA container EntityManagerFactory for persistence unit 'default'
2017-03-13 23:39:59.079  INFO 2740 --- [localhost-startStop-1] o.hibernate.jpa.internal.util.LogHelper  : HHH000204: Processing PersistenceUnitInfo [
	name: default
	...]
2017-03-13 23:39:59.234  INFO 2740 --- [localhost-startStop-1] org.hibernate.Version                    : HHH000412: Hibernate Core {5.0.11.Final}
2017-03-13 23:39:59.239  INFO 2740 --- [localhost-startStop-1] org.hibernate.cfg.Environment            : HHH000206: hibernate.properties not found
2017-03-13 23:39:59.243  INFO 2740 --- [localhost-startStop-1] org.hibernate.cfg.Environment            : HHH000021: Bytecode provider name : javassist
2017-03-13 23:39:59.635  INFO 2740 --- [localhost-startStop-1] o.hibernate.annotations.common.Version   : HCANN000001: Hibernate Commons Annotations {5.0.1.Final}
2017-03-13 23:39:59.919  INFO 2740 --- [localhost-startStop-1] com.alibaba.druid.pool.DruidDataSource   : {dataSource-1} inited
2017-03-13 23:40:01.154  INFO 2740 --- [localhost-startStop-1] org.hibernate.dialect.Dialect            : HHH000400: Using dialect: org.hibernate.dialect.MySQL5Dialect
2017-03-13 23:40:02.212  INFO 2740 --- [localhost-startStop-1] j.LocalContainerEntityManagerFactoryBean : Initialized JPA EntityManagerFactory for persistence unit 'default'
2017-03-13 23:40:02.786  INFO 2740 --- [localhost-startStop-1] o.h.h.i.QueryTranslatorFactoryInitiator  : HHH000397: Using ASTQueryTranslatorFactory
2017-03-13 23:40:03.649  INFO 2740 --- [localhost-startStop-1] o.s.b.w.servlet.FilterRegistrationBean   : Mapping filter: 'characterEncodingFilter' to: [/*]
2017-03-13 23:40:03.651  INFO 2740 --- [localhost-startStop-1] o.s.b.w.servlet.FilterRegistrationBean   : Mapping filter: 'hiddenHttpMethodFilter' to: [/*]
2017-03-13 23:40:03.652  INFO 2740 --- [localhost-startStop-1] o.s.b.w.servlet.FilterRegistrationBean   : Mapping filter: 'httpPutFormContentFilter' to: [/*]
2017-03-13 23:40:03.652  INFO 2740 --- [localhost-startStop-1] o.s.b.w.servlet.FilterRegistrationBean   : Mapping filter: 'requestContextFilter' to: [/*]
2017-03-13 23:40:03.656  INFO 2740 --- [localhost-startStop-1] .s.DelegatingFilterProxyRegistrationBean : Mapping filter: 'springSecurityFilterChain' to: [/*]
2017-03-13 23:40:03.657  INFO 2740 --- [localhost-startStop-1] o.s.b.c.embedded.FilterRegistrationBean  : Filter authenticationFilter was not registered (disabled)
2017-03-13 23:40:03.658  INFO 2740 --- [localhost-startStop-1] o.s.b.w.servlet.ServletRegistrationBean  : Mapping servlet: 'dispatcherServlet' to [/]
2017-03-13 23:40:04.054  WARN 2740 --- [main] ationConfigEmbeddedWebApplicationContext : Exception encountered during context initialization - cancelling refresh attempt: org.springframework.beans.factory.UnsatisfiedDependencyException: Error creating bean with name 'roleService': Unsatisfied dependency expressed through field 'roleRepository'; nested exception is org.springframework.beans.factory.BeanCreationException: Error creating bean with name 'roleRepository': Invocation of init method failed; nested exception is org.springframework.data.mapping.PropertyReferenceException: No property name found for type RoleResource!
2017-03-13 23:40:04.056  INFO 2740 --- [main] j.LocalContainerEntityManagerFactoryBean : Closing JPA EntityManagerFactory for persistence unit 'default'
2017-03-13 23:40:04.065  INFO 2740 --- [main] com.alibaba.druid.pool.DruidDataSource   : {dataSource-1} closed
2017-03-13 23:40:04.075  INFO 2740 --- [main] o.apache.catalina.core.StandardService   : Stopping service Tomcat
2017-03-13 23:40:04.087  WARN 2740 --- [localhost-startStop-1] o.a.c.loader.WebappClassLoaderBase       : The web application [ROOT] appears to have started a thread named [Abandoned connection cleanup thread] but has failed to stop it. This is very likely to create a memory leak. Stack trace of thread:
 java.lang.Object.wait(Native Method)
 java.lang.ref.ReferenceQueue.remove(ReferenceQueue.java:143)
 com.mysql.jdbc.AbandonedConnectionCleanupThread.run(AbandonedConnectionCleanupThread.java:43)
2017-03-13 23:40:04.156  WARN 2740 --- [main] o.s.boot.SpringApplication               : Error handling failed (Error creating bean with name 'delegatingApplicationListener' defined in class path resource [org/springframework/security/config/annotation/web/configuration/WebSecurityConfiguration.class]: BeanPostProcessor before instantiation of bean failed; nested exception is org.springframework.beans.factory.BeanCreationException: Error creating bean with name 'metaDataSourceAdvisor': Cannot resolve reference to bean 'methodSecurityMetadataSource' while setting constructor argument; nested exception is org.springframework.beans.factory.BeanCreationException: Error creating bean with name 'methodSecurityConfiguration' defined in file [E:\shanghhs\ugms\outer-api\target\classes\com\ugms\backend\outerapi\security\MethodSecurityConfiguration.class]: Initialization of bean failed; nested exception is org.springframework.beans.factory.NoSuchBeanDefinitionException: No bean named 'org.springframework.context.annotation.ConfigurationClassPostProcessor.importRegistry' available)
2017-03-13 23:40:04.176 ERROR 2740 --- [main] o.s.boot.SpringApplication               : Application startup failed

org.springframework.beans.factory.UnsatisfiedDependencyException: Error creating bean with name 'roleService': Unsatisfied dependency expressed through field 'roleRepository'; nested exception is org.springframework.beans.factory.BeanCreationException: Error creating bean with name 'roleRepository': Invocation of init method failed; nested exception is org.springframework.data.mapping.PropertyReferenceException: No property name found for type RoleResource!
	at org.springframework.beans.factory.annotation.AutowiredAnnotationBeanPostProcessor$AutowiredFieldElement.inject(AutowiredAnnotationBeanPostProcessor.java:592)
	at org.springframework.beans.factory.annotation.InjectionMetadata.inject(InjectionMetadata.java:88)
	at org.springframework.beans.factory.annotation.AutowiredAnnotationBeanPostProcessor.postProcessPropertyValues(AutowiredAnnotationBeanPostProcessor.java:370)
	at org.springframework.beans.factory.support.AbstractAutowireCapableBeanFactory.populateBean(AbstractAutowireCapableBeanFactory.java:1219)
	at org.springframework.beans.factory.support.AbstractAutowireCapableBeanFactory.doCreateBean(AbstractAutowireCapableBeanFactory.java:551)
	at org.springframework.beans.factory.support.AbstractAutowireCapableBeanFactory.createBean(AbstractAutowireCapableBeanFactory.java:482)
	at org.springframework.beans.factory.support.AbstractBeanFactory$1.getObject(AbstractBeanFactory.java:306)
	at org.springframework.beans.factory.support.DefaultSingletonBeanRegistry.getSingleton(DefaultSingletonBeanRegistry.java:230)
	at org.springframework.beans.factory.support.AbstractBeanFactory.doGetBean(AbstractBeanFactory.java:302)
	at org.springframework.beans.factory.support.AbstractBeanFactory.getBean(AbstractBeanFactory.java:197)
	at org.springframework.beans.factory.support.DefaultListableBeanFactory.preInstantiateSingletons(DefaultListableBeanFactory.java:754)
	at org.springframework.context.support.AbstractApplicationContext.finishBeanFactoryInitialization(AbstractApplicationContext.java:866)
	at org.springframework.context.support.AbstractApplicationContext.refresh(AbstractApplicationContext.java:542)
	at org.springframework.boot.context.embedded.EmbeddedWebApplicationContext.refresh(EmbeddedWebApplicationContext.java:122)
	at org.springframework.boot.SpringApplication.refresh(SpringApplication.java:761)
	at org.springframework.boot.SpringApplication.refreshContext(SpringApplication.java:371)
	at org.springframework.boot.SpringApplication.run(SpringApplication.java:315)
	at org.springframework.boot.SpringApplication.run(SpringApplication.java:1186)
	at org.springframework.boot.SpringApplication.run(SpringApplication.java:1175)
	at WebapiApplication.main(WebapiApplication.java:14)
Caused by: org.springframework.beans.factory.BeanCreationException: Error creating bean with name 'roleRepository': Invocation of init method failed; nested exception is org.springframework.data.mapping.PropertyReferenceException: No property name found for type RoleResource!
	at org.springframework.beans.factory.support.AbstractAutowireCapableBeanFactory.initializeBean(AbstractAutowireCapableBeanFactory.java:1583)
	at org.springframework.beans.factory.support.AbstractAutowireCapableBeanFactory.doCreateBean(AbstractAutowireCapableBeanFactory.java:553)
	at org.springframework.beans.factory.support.AbstractAutowireCapableBeanFactory.createBean(AbstractAutowireCapableBeanFactory.java:482)
	at org.springframework.beans.factory.support.AbstractBeanFactory$1.getObject(AbstractBeanFactory.java:306)
	at org.springframework.beans.factory.support.DefaultSingletonBeanRegistry.getSingleton(DefaultSingletonBeanRegistry.java:230)
	at org.springframework.beans.factory.support.AbstractBeanFactory.doGetBean(AbstractBeanFactory.java:302)
	at org.springframework.beans.factory.support.AbstractBeanFactory.getBean(AbstractBeanFactory.java:202)
	at org.springframework.beans.factory.config.DependencyDescriptor.resolveCandidate(DependencyDescriptor.java:207)
	at org.springframework.beans.factory.support.DefaultListableBeanFactory.doResolveDependency(DefaultListableBeanFactory.java:1131)
	at org.springframework.beans.factory.support.DefaultListableBeanFactory.resolveDependency(DefaultListableBeanFactory.java:1059)
	at org.springframework.beans.factory.annotation.AutowiredAnnotationBeanPostProcessor$AutowiredFieldElement.inject(AutowiredAnnotationBeanPostProcessor.java:589)
	... 19 common frames omitted
Caused by: org.springframework.data.mapping.PropertyReferenceException: No property name found for type RoleResource!
	at org.springframework.data.mapping.PropertyPath.<init>(PropertyPath.java:77)
	at org.springframework.data.mapping.PropertyPath.create(PropertyPath.java:329)
	at org.springframework.data.mapping.PropertyPath.create(PropertyPath.java:309)
	at org.springframework.data.mapping.PropertyPath.from(PropertyPath.java:272)
	at org.springframework.data.mapping.PropertyPath.from(PropertyPath.java:243)
	at org.springframework.data.repository.query.parser.Part.<init>(Part.java:76)
	at org.springframework.data.repository.query.parser.PartTree$OrPart.<init>(PartTree.java:235)
	at org.springframework.data.repository.query.parser.PartTree$Predicate.buildTree(PartTree.java:373)
	at org.springframework.data.repository.query.parser.PartTree$Predicate.<init>(PartTree.java:353)
	at org.springframework.data.repository.query.parser.PartTree.<init>(PartTree.java:87)
	at org.springframework.data.jpa.repository.query.PartTreeJpaQuery.<init>(PartTreeJpaQuery.java:63)
	at org.springframework.data.jpa.repository.query.JpaQueryLookupStrategy$CreateQueryLookupStrategy.resolveQuery(JpaQueryLookupStrategy.java:103)
	at org.springframework.data.jpa.repository.query.JpaQueryLookupStrategy$CreateIfNotFoundQueryLookupStrategy.resolveQuery(JpaQueryLookupStrategy.java:214)
	at org.springframework.data.jpa.repository.query.JpaQueryLookupStrategy$AbstractQueryLookupStrategy.resolveQuery(JpaQueryLookupStrategy.java:77)
	at org.springframework.data.repository.core.support.RepositoryFactorySupport$QueryExecutorMethodInterceptor.<init>(RepositoryFactorySupport.java:435)
	at org.springframework.data.repository.core.support.RepositoryFactorySupport.getRepository(RepositoryFactorySupport.java:220)
	at org.springframework.data.repository.core.support.RepositoryFactoryBeanSupport.initAndReturn(RepositoryFactoryBeanSupport.java:266)
	at org.springframework.data.repository.core.support.RepositoryFactoryBeanSupport.afterPropertiesSet(RepositoryFactoryBeanSupport.java:252)
	at org.springframework.data.jpa.repository.support.JpaRepositoryFactoryBean.afterPropertiesSet(JpaRepositoryFactoryBean.java:92)
	at org.springframework.beans.factory.support.AbstractAutowireCapableBeanFactory.invokeInitMethods(AbstractAutowireCapableBeanFactory.java:1642)
	at org.springframework.beans.factory.support.AbstractAutowireCapableBeanFactory.initializeBean(AbstractAutowireCapableBeanFactory.java:1579)
	... 29 common frames omitted

2017-03-13 23:41:22.899  INFO 5504 --- [main] c.u.backend.outerapi.WebapiApplication   : Starting WebapiApplication on PC-20090205KPMU with PID 5504 (E:\shanghhs\ugms\outer-api\target\classes started by Administrator in E:\shanghhs\ugms)
2017-03-13 23:41:23.011  INFO 5504 --- [main] c.u.backend.outerapi.WebapiApplication   : The following profiles are active: dev
2017-03-13 23:41:23.169  INFO 5504 --- [main] ationConfigEmbeddedWebApplicationContext : Refreshing org.springframework.boot.context.embedded.AnnotationConfigEmbeddedWebApplicationContext@604c5de8: startup date [Mon Mar 13 23:41:23 CST 2017]; root of context hierarchy
2017-03-13 23:41:26.141  INFO 5504 --- [main] .s.d.r.c.RepositoryConfigurationDelegate : Multiple Spring Data modules found, entering strict repository configuration mode!
2017-03-13 23:41:26.654  INFO 5504 --- [main] .s.d.r.c.RepositoryConfigurationDelegate : Multiple Spring Data modules found, entering strict repository configuration mode!
2017-03-13 23:41:26.764  INFO 5504 --- [main] .RepositoryConfigurationExtensionSupport : Spring Data Redis - Could not safely identify store assignment for repository candidate interface UserRepository.
2017-03-13 23:41:26.773  INFO 5504 --- [main] .RepositoryConfigurationExtensionSupport : Spring Data Redis - Could not safely identify store assignment for repository candidate interface ResourceRepository.
2017-03-13 23:41:26.775  INFO 5504 --- [main] .RepositoryConfigurationExtensionSupport : Spring Data Redis - Could not safely identify store assignment for repository candidate interface RoleRepository.
2017-03-13 23:41:26.800  INFO 5504 --- [main] .RepositoryConfigurationExtensionSupport : Spring Data Redis - Could not safely identify store assignment for repository candidate interface RoleResourceRepository.
2017-03-13 23:41:27.620  INFO 5504 --- [main] trationDelegate$BeanPostProcessorChecker : Bean 'webapiConfiguration' of type [class WebapiConfiguration$$EnhancerBySpringCGLIB$$d05e034] is not eligible for getting processed by all BeanPostProcessors (for example: not eligible for auto-proxying)
2017-03-13 23:41:27.889  INFO 5504 --- [main] trationDelegate$BeanPostProcessorChecker : Bean 'org.springframework.transaction.annotation.ProxyTransactionManagementConfiguration' of type [class org.springframework.transaction.annotation.ProxyTransactionManagementConfiguration$$EnhancerBySpringCGLIB$$52fb736b] is not eligible for getting processed by all BeanPostProcessors (for example: not eligible for auto-proxying)
2017-03-13 23:41:28.006  INFO 5504 --- [main] trationDelegate$BeanPostProcessorChecker : Bean 'org.springframework.security.config.annotation.configuration.ObjectPostProcessorConfiguration' of type [class org.springframework.security.config.annotation.configuration.ObjectPostProcessorConfiguration$$EnhancerBySpringCGLIB$$eba93ba5] is not eligible for getting processed by all BeanPostProcessors (for example: not eligible for auto-proxying)
2017-03-13 23:41:28.029  INFO 5504 --- [main] trationDelegate$BeanPostProcessorChecker : Bean 'objectPostProcessor' of type [class org.springframework.security.config.annotation.configuration.AutowireBeanFactoryObjectPostProcessor] is not eligible for getting processed by all BeanPostProcessors (for example: not eligible for auto-proxying)
2017-03-13 23:41:28.033  INFO 5504 --- [main] trationDelegate$BeanPostProcessorChecker : Bean 'org.springframework.security.access.expression.method.DefaultMethodSecurityExpressionHandler@10618775' of type [class org.springframework.security.access.expression.method.DefaultMethodSecurityExpressionHandler] is not eligible for getting processed by all BeanPostProcessors (for example: not eligible for auto-proxying)
2017-03-13 23:41:28.052  INFO 5504 --- [main] trationDelegate$BeanPostProcessorChecker : Bean 'methodSecurityConfiguration' of type [class MethodSecurityConfiguration$$EnhancerBySpringCGLIB$$54f1e963] is not eligible for getting processed by all BeanPostProcessors (for example: not eligible for auto-proxying)
2017-03-13 23:41:28.080  INFO 5504 --- [main] trationDelegate$BeanPostProcessorChecker : Bean 'methodSecurityMetadataSource' of type [class org.springframework.security.access.method.DelegatingMethodSecurityMetadataSource] is not eligible for getting processed by all BeanPostProcessors (for example: not eligible for auto-proxying)
2017-03-13 23:41:29.193  INFO 5504 --- [main] s.b.c.e.t.TomcatEmbeddedServletContainer : Tomcat initialized with port(s): 8081 (http)
2017-03-13 23:41:29.219  INFO 5504 --- [main] o.apache.catalina.core.StandardService   : Starting service Tomcat
2017-03-13 23:41:29.223  INFO 5504 --- [main] org.apache.catalina.core.StandardEngine  : Starting Servlet Engine: Apache Tomcat/8.5.6
2017-03-13 23:41:29.512  INFO 5504 --- [localhost-startStop-1] o.a.c.c.C.[Tomcat].[localhost].[/]       : Initializing Spring embedded WebApplicationContext
2017-03-13 23:41:29.513  INFO 5504 --- [localhost-startStop-1] o.s.web.context.ContextLoader            : Root WebApplicationContext: initialization completed in 6344 ms
2017-03-13 23:41:31.280  INFO 5504 --- [localhost-startStop-1] j.LocalContainerEntityManagerFactoryBean : Building JPA container EntityManagerFactory for persistence unit 'default'
2017-03-13 23:41:31.319  INFO 5504 --- [localhost-startStop-1] o.hibernate.jpa.internal.util.LogHelper  : HHH000204: Processing PersistenceUnitInfo [
	name: default
	...]
2017-03-13 23:41:31.451  INFO 5504 --- [localhost-startStop-1] org.hibernate.Version                    : HHH000412: Hibernate Core {5.0.11.Final}
2017-03-13 23:41:31.456  INFO 5504 --- [localhost-startStop-1] org.hibernate.cfg.Environment            : HHH000206: hibernate.properties not found
2017-03-13 23:41:31.458  INFO 5504 --- [localhost-startStop-1] org.hibernate.cfg.Environment            : HHH000021: Bytecode provider name : javassist
2017-03-13 23:41:31.715  INFO 5504 --- [localhost-startStop-1] o.hibernate.annotations.common.Version   : HCANN000001: Hibernate Commons Annotations {5.0.1.Final}
2017-03-13 23:41:31.964  INFO 5504 --- [localhost-startStop-1] com.alibaba.druid.pool.DruidDataSource   : {dataSource-1} inited
2017-03-13 23:41:33.332  INFO 5504 --- [localhost-startStop-1] org.hibernate.dialect.Dialect            : HHH000400: Using dialect: org.hibernate.dialect.MySQL5Dialect
2017-03-13 23:41:34.268  INFO 5504 --- [localhost-startStop-1] j.LocalContainerEntityManagerFactoryBean : Initialized JPA EntityManagerFactory for persistence unit 'default'
2017-03-13 23:41:34.757  INFO 5504 --- [localhost-startStop-1] o.h.h.i.QueryTranslatorFactoryInitiator  : HHH000397: Using ASTQueryTranslatorFactory
2017-03-13 23:41:35.461  INFO 5504 --- [localhost-startStop-1] o.s.b.w.servlet.FilterRegistrationBean   : Mapping filter: 'characterEncodingFilter' to: [/*]
2017-03-13 23:41:35.462  INFO 5504 --- [localhost-startStop-1] o.s.b.w.servlet.FilterRegistrationBean   : Mapping filter: 'hiddenHttpMethodFilter' to: [/*]
2017-03-13 23:41:35.463  INFO 5504 --- [localhost-startStop-1] o.s.b.w.servlet.FilterRegistrationBean   : Mapping filter: 'httpPutFormContentFilter' to: [/*]
2017-03-13 23:41:35.463  INFO 5504 --- [localhost-startStop-1] o.s.b.w.servlet.FilterRegistrationBean   : Mapping filter: 'requestContextFilter' to: [/*]
2017-03-13 23:41:35.466  INFO 5504 --- [localhost-startStop-1] .s.DelegatingFilterProxyRegistrationBean : Mapping filter: 'springSecurityFilterChain' to: [/*]
2017-03-13 23:41:35.467  INFO 5504 --- [localhost-startStop-1] o.s.b.c.embedded.FilterRegistrationBean  : Filter authenticationFilter was not registered (disabled)
2017-03-13 23:41:35.468  INFO 5504 --- [localhost-startStop-1] o.s.b.w.servlet.ServletRegistrationBean  : Mapping servlet: 'dispatcherServlet' to [/]
2017-03-13 23:41:36.044  INFO 5504 --- [main] b.a.s.AuthenticationManagerConfiguration : 

Using default security password: c72c93f8-2bfd-4115-85dc-17dc39c0e9f5

2017-03-13 23:41:36.328  INFO 5504 --- [main] o.s.s.web.DefaultSecurityFilterChain     : Creating filter chain: org.springframework.security.web.util.matcher.AnyRequestMatcher@1, [org.springframework.security.web.context.request.async.WebAsyncManagerIntegrationFilter@1f0e2bdc, org.springframework.security.web.context.SecurityContextPersistenceFilter@6ed51944, org.springframework.security.web.savedrequest.RequestCacheAwareFilter@20c3b34b, org.springframework.security.web.servletapi.SecurityContextHolderAwareRequestFilter@1f408ab6, org.springframework.security.web.authentication.AnonymousAuthenticationFilter@682266d8, org.springframework.security.web.session.SessionManagementFilter@145a821d, AuthenticationFilter@47687992, org.springframework.security.web.access.ExceptionTranslationFilter@63dc3420]
2017-03-13 23:41:37.078  INFO 5504 --- [main] org.hibernate.dialect.Dialect            : HHH000400: Using dialect: org.hibernate.dialect.MySQL57InnoDBDialect
2017-03-13 23:41:37.172  WARN 5504 --- [main] ationConfigEmbeddedWebApplicationContext : Exception encountered during context initialization - cancelling refresh attempt: org.springframework.beans.factory.BeanCreationException: Error creating bean with name 'roleResourceRepository': Invocation of init method failed; nested exception is java.lang.IllegalArgumentException: Validation failed for query for method public abstract boolean RoleResourceRepository.existsByIdAndSecret(java.lang.Long,java.lang.String)!
2017-03-13 23:41:37.175  INFO 5504 --- [main] j.LocalContainerEntityManagerFactoryBean : Closing JPA EntityManagerFactory for persistence unit 'default'
2017-03-13 23:41:37.184  INFO 5504 --- [main] com.alibaba.druid.pool.DruidDataSource   : {dataSource-1} closed
2017-03-13 23:41:37.190  INFO 5504 --- [main] o.apache.catalina.core.StandardService   : Stopping service Tomcat
2017-03-13 23:41:37.198  WARN 5504 --- [localhost-startStop-1] o.a.c.loader.WebappClassLoaderBase       : The web application [ROOT] appears to have started a thread named [Abandoned connection cleanup thread] but has failed to stop it. This is very likely to create a memory leak. Stack trace of thread:
 java.lang.Object.wait(Native Method)
 java.lang.ref.ReferenceQueue.remove(ReferenceQueue.java:143)
 com.mysql.jdbc.AbandonedConnectionCleanupThread.run(AbandonedConnectionCleanupThread.java:43)
2017-03-13 23:41:37.219  WARN 5504 --- [main] o.s.boot.SpringApplication               : Error handling failed (Error creating bean with name 'spring.datasource-org.springframework.boot.autoconfigure.jdbc.DataSourceProperties': Initialization of bean failed; nested exception is java.lang.IllegalStateException: org.springframework.boot.context.embedded.AnnotationConfigEmbeddedWebApplicationContext@604c5de8 has not been refreshed yet)
2017-03-13 23:41:37.230 ERROR 5504 --- [main] o.s.boot.SpringApplication               : Application startup failed

org.springframework.beans.factory.BeanCreationException: Error creating bean with name 'roleResourceRepository': Invocation of init method failed; nested exception is java.lang.IllegalArgumentException: Validation failed for query for method public abstract boolean RoleResourceRepository.existsByIdAndSecret(java.lang.Long,java.lang.String)!
	at org.springframework.beans.factory.support.AbstractAutowireCapableBeanFactory.initializeBean(AbstractAutowireCapableBeanFactory.java:1583)
	at org.springframework.beans.factory.support.AbstractAutowireCapableBeanFactory.doCreateBean(AbstractAutowireCapableBeanFactory.java:553)
	at org.springframework.beans.factory.support.AbstractAutowireCapableBeanFactory.createBean(AbstractAutowireCapableBeanFactory.java:482)
	at org.springframework.beans.factory.support.AbstractBeanFactory$1.getObject(AbstractBeanFactory.java:306)
	at org.springframework.beans.factory.support.DefaultSingletonBeanRegistry.getSingleton(DefaultSingletonBeanRegistry.java:230)
	at org.springframework.beans.factory.support.AbstractBeanFactory.doGetBean(AbstractBeanFactory.java:302)
	at org.springframework.beans.factory.support.AbstractBeanFactory.getBean(AbstractBeanFactory.java:197)
	at org.springframework.beans.factory.support.DefaultListableBeanFactory.preInstantiateSingletons(DefaultListableBeanFactory.java:735)
	at org.springframework.context.support.AbstractApplicationContext.finishBeanFactoryInitialization(AbstractApplicationContext.java:866)
	at org.springframework.context.support.AbstractApplicationContext.refresh(AbstractApplicationContext.java:542)
	at org.springframework.boot.context.embedded.EmbeddedWebApplicationContext.refresh(EmbeddedWebApplicationContext.java:122)
	at org.springframework.boot.SpringApplication.refresh(SpringApplication.java:761)
	at org.springframework.boot.SpringApplication.refreshContext(SpringApplication.java:371)
	at org.springframework.boot.SpringApplication.run(SpringApplication.java:315)
	at org.springframework.boot.SpringApplication.run(SpringApplication.java:1186)
	at org.springframework.boot.SpringApplication.run(SpringApplication.java:1175)
	at WebapiApplication.main(WebapiApplication.java:14)
Caused by: java.lang.IllegalArgumentException: Validation failed for query for method public abstract boolean RoleResourceRepository.existsByIdAndSecret(java.lang.Long,java.lang.String)!
	at org.springframework.data.jpa.repository.query.SimpleJpaQuery.validateQuery(SimpleJpaQuery.java:92)
	at org.springframework.data.jpa.repository.query.SimpleJpaQuery.<init>(SimpleJpaQuery.java:62)
	at org.springframework.data.jpa.repository.query.JpaQueryFactory.fromMethodWithQueryString(JpaQueryFactory.java:72)
	at org.springframework.data.jpa.repository.query.JpaQueryFactory.fromQueryAnnotation(JpaQueryFactory.java:53)
	at org.springframework.data.jpa.repository.query.JpaQueryLookupStrategy$DeclaredQueryLookupStrategy.resolveQuery(JpaQueryLookupStrategy.java:144)
	at org.springframework.data.jpa.repository.query.JpaQueryLookupStrategy$CreateIfNotFoundQueryLookupStrategy.resolveQuery(JpaQueryLookupStrategy.java:212)
	at org.springframework.data.jpa.repository.query.JpaQueryLookupStrategy$AbstractQueryLookupStrategy.resolveQuery(JpaQueryLookupStrategy.java:77)
	at org.springframework.data.repository.core.support.RepositoryFactorySupport$QueryExecutorMethodInterceptor.<init>(RepositoryFactorySupport.java:435)
	at org.springframework.data.repository.core.support.RepositoryFactorySupport.getRepository(RepositoryFactorySupport.java:220)
	at org.springframework.data.repository.core.support.RepositoryFactoryBeanSupport.initAndReturn(RepositoryFactoryBeanSupport.java:266)
	at org.springframework.data.repository.core.support.RepositoryFactoryBeanSupport.afterPropertiesSet(RepositoryFactoryBeanSupport.java:252)
	at org.springframework.data.jpa.repository.support.JpaRepositoryFactoryBean.afterPropertiesSet(JpaRepositoryFactoryBean.java:92)
	at org.springframework.beans.factory.support.AbstractAutowireCapableBeanFactory.invokeInitMethods(AbstractAutowireCapableBeanFactory.java:1642)
	at org.springframework.beans.factory.support.AbstractAutowireCapableBeanFactory.initializeBean(AbstractAutowireCapableBeanFactory.java:1579)
	... 16 common frames omitted
Caused by: java.lang.IllegalArgumentException: org.hibernate.QueryException: could not resolve property: secretKey of: User [SELECT CASE WHEN COUNT(u) > 0 THEN true ELSE false END FROM User u WHERE u.id = :id AND u.secretKey = :secret]
	at org.hibernate.jpa.spi.AbstractEntityManagerImpl.convert(AbstractEntityManagerImpl.java:1679)
	at org.hibernate.jpa.spi.AbstractEntityManagerImpl.convert(AbstractEntityManagerImpl.java:1602)
	at org.hibernate.jpa.spi.AbstractEntityManagerImpl.convert(AbstractEntityManagerImpl.java:1608)
	at org.hibernate.jpa.spi.AbstractEntityManagerImpl.createQuery(AbstractEntityManagerImpl.java:294)
	at sun.reflect.NativeMethodAccessorImpl.invoke0(Native Method)
	at sun.reflect.NativeMethodAccessorImpl.invoke(NativeMethodAccessorImpl.java:62)
	at sun.reflect.DelegatingMethodAccessorImpl.invoke(DelegatingMethodAccessorImpl.java:43)
	at java.lang.reflect.Method.invoke(Method.java:498)
	at org.springframework.orm.jpa.ExtendedEntityManagerCreator$ExtendedEntityManagerInvocationHandler.invoke(ExtendedEntityManagerCreator.java:347)
	at com.sun.proxy.$Proxy89.createQuery(Unknown Source)
	at org.springframework.data.jpa.repository.query.SimpleJpaQuery.validateQuery(SimpleJpaQuery.java:86)
	... 29 common frames omitted
Caused by: org.hibernate.QueryException: could not resolve property: secretKey of: User [SELECT CASE WHEN COUNT(u) > 0 THEN true ELSE false END FROM User u WHERE u.id = :id AND u.secretKey = :secret]
	at org.hibernate.QueryException.generateQueryException(QueryException.java:120)
	at org.hibernate.QueryException.wrapWithQueryString(QueryException.java:103)
	at org.hibernate.hql.internal.ast.QueryTranslatorImpl.doCompile(QueryTranslatorImpl.java:218)
	at org.hibernate.hql.internal.ast.QueryTranslatorImpl.compile(QueryTranslatorImpl.java:142)
	at org.hibernate.engine.query.spi.HQLQueryPlan.<init>(HQLQueryPlan.java:115)
	at org.hibernate.engine.query.spi.HQLQueryPlan.<init>(HQLQueryPlan.java:76)
	at org.hibernate.engine.query.spi.QueryPlanCache.getHQLQueryPlan(QueryPlanCache.java:150)
	at org.hibernate.internal.AbstractSessionImpl.getHQLQueryPlan(AbstractSessionImpl.java:302)
	at org.hibernate.internal.AbstractSessionImpl.createQuery(AbstractSessionImpl.java:240)
	at org.hibernate.internal.SessionImpl.createQuery(SessionImpl.java:1894)
	at org.hibernate.jpa.spi.AbstractEntityManagerImpl.createQuery(AbstractEntityManagerImpl.java:291)
	... 36 common frames omitted
Caused by: org.hibernate.QueryException: could not resolve property: secretKey of: User
	at org.hibernate.persister.entity.AbstractPropertyMapping.propertyException(AbstractPropertyMapping.java:62)
	at org.hibernate.persister.entity.AbstractPropertyMapping.toType(AbstractPropertyMapping.java:56)
	at org.hibernate.persister.entity.AbstractEntityPersister.toType(AbstractEntityPersister.java:1764)
	at org.hibernate.hql.internal.ast.tree.FromElementType.getPropertyType(FromElementType.java:393)
	at org.hibernate.hql.internal.ast.tree.FromElement.getPropertyType(FromElement.java:505)
	at org.hibernate.hql.internal.ast.tree.DotNode.getDataType(DotNode.java:660)
	at org.hibernate.hql.internal.ast.tree.DotNode.prepareLhs(DotNode.java:264)
	at org.hibernate.hql.internal.ast.tree.DotNode.resolve(DotNode.java:204)
	at org.hibernate.hql.internal.ast.tree.FromReferenceNode.resolve(FromReferenceNode.java:109)
	at org.hibernate.hql.internal.ast.tree.FromReferenceNode.resolve(FromReferenceNode.java:104)
	at org.hibernate.hql.internal.ast.HqlSqlWalker.resolve(HqlSqlWalker.java:942)
	at org.hibernate.hql.internal.antlr.HqlSqlBaseWalker.expr(HqlSqlBaseWalker.java:1283)
	at org.hibernate.hql.internal.antlr.HqlSqlBaseWalker.exprOrSubquery(HqlSqlBaseWalker.java:4696)
	at org.hibernate.hql.internal.antlr.HqlSqlBaseWalker.comparisonExpr(HqlSqlBaseWalker.java:4166)
	at org.hibernate.hql.internal.antlr.HqlSqlBaseWalker.logicalExpr(HqlSqlBaseWalker.java:2131)
	at org.hibernate.hql.internal.antlr.HqlSqlBaseWalker.logicalExpr(HqlSqlBaseWalker.java:2059)
	at org.hibernate.hql.internal.antlr.HqlSqlBaseWalker.whereClause(HqlSqlBaseWalker.java:810)
	at org.hibernate.hql.internal.antlr.HqlSqlBaseWalker.query(HqlSqlBaseWalker.java:605)
	at org.hibernate.hql.internal.antlr.HqlSqlBaseWalker.selectStatement(HqlSqlBaseWalker.java:309)
	at org.hibernate.hql.internal.antlr.HqlSqlBaseWalker.statement(HqlSqlBaseWalker.java:257)
	at org.hibernate.hql.internal.ast.QueryTranslatorImpl.analyze(QueryTranslatorImpl.java:262)
	at org.hibernate.hql.internal.ast.QueryTranslatorImpl.doCompile(QueryTranslatorImpl.java:190)
	... 44 common frames omitted

2017-03-13 23:43:24.022  INFO 5736 --- [main] c.u.backend.outerapi.WebapiApplication   : Starting WebapiApplication on PC-20090205KPMU with PID 5736 (E:\shanghhs\ugms\outer-api\target\classes started by Administrator in E:\shanghhs\ugms)
2017-03-13 23:43:24.030  INFO 5736 --- [main] c.u.backend.outerapi.WebapiApplication   : The following profiles are active: dev
2017-03-13 23:43:24.136  INFO 5736 --- [main] ationConfigEmbeddedWebApplicationContext : Refreshing org.springframework.boot.context.embedded.AnnotationConfigEmbeddedWebApplicationContext@604c5de8: startup date [Mon Mar 13 23:43:24 CST 2017]; root of context hierarchy
2017-03-13 23:43:27.262  INFO 5736 --- [main] .s.d.r.c.RepositoryConfigurationDelegate : Multiple Spring Data modules found, entering strict repository configuration mode!
2017-03-13 23:43:27.786  INFO 5736 --- [main] .s.d.r.c.RepositoryConfigurationDelegate : Multiple Spring Data modules found, entering strict repository configuration mode!
2017-03-13 23:43:27.890  INFO 5736 --- [main] .RepositoryConfigurationExtensionSupport : Spring Data Redis - Could not safely identify store assignment for repository candidate interface UserRepository.
2017-03-13 23:43:27.895  INFO 5736 --- [main] .RepositoryConfigurationExtensionSupport : Spring Data Redis - Could not safely identify store assignment for repository candidate interface ResourceRepository.
2017-03-13 23:43:27.897  INFO 5736 --- [main] .RepositoryConfigurationExtensionSupport : Spring Data Redis - Could not safely identify store assignment for repository candidate interface RoleRepository.
2017-03-13 23:43:27.899  INFO 5736 --- [main] .RepositoryConfigurationExtensionSupport : Spring Data Redis - Could not safely identify store assignment for repository candidate interface RoleResourceRepository.
2017-03-13 23:43:28.653  INFO 5736 --- [main] trationDelegate$BeanPostProcessorChecker : Bean 'webapiConfiguration' of type [class WebapiConfiguration$$EnhancerBySpringCGLIB$$f2264688] is not eligible for getting processed by all BeanPostProcessors (for example: not eligible for auto-proxying)
2017-03-13 23:43:28.972  INFO 5736 --- [main] trationDelegate$BeanPostProcessorChecker : Bean 'org.springframework.transaction.annotation.ProxyTransactionManagementConfiguration' of type [class org.springframework.transaction.annotation.ProxyTransactionManagementConfiguration$$EnhancerBySpringCGLIB$$381bd9bf] is not eligible for getting processed by all BeanPostProcessors (for example: not eligible for auto-proxying)
2017-03-13 23:43:29.077  INFO 5736 --- [main] trationDelegate$BeanPostProcessorChecker : Bean 'org.springframework.security.config.annotation.configuration.ObjectPostProcessorConfiguration' of type [class org.springframework.security.config.annotation.configuration.ObjectPostProcessorConfiguration$$EnhancerBySpringCGLIB$$d0c9a1f9] is not eligible for getting processed by all BeanPostProcessors (for example: not eligible for auto-proxying)
2017-03-13 23:43:29.099  INFO 5736 --- [main] trationDelegate$BeanPostProcessorChecker : Bean 'objectPostProcessor' of type [class org.springframework.security.config.annotation.configuration.AutowireBeanFactoryObjectPostProcessor] is not eligible for getting processed by all BeanPostProcessors (for example: not eligible for auto-proxying)
2017-03-13 23:43:29.104  INFO 5736 --- [main] trationDelegate$BeanPostProcessorChecker : Bean 'org.springframework.security.access.expression.method.DefaultMethodSecurityExpressionHandler@f559c74' of type [class org.springframework.security.access.expression.method.DefaultMethodSecurityExpressionHandler] is not eligible for getting processed by all BeanPostProcessors (for example: not eligible for auto-proxying)
2017-03-13 23:43:29.126  INFO 5736 --- [main] trationDelegate$BeanPostProcessorChecker : Bean 'methodSecurityConfiguration' of type [class MethodSecurityConfiguration$$EnhancerBySpringCGLIB$$3a124fb7] is not eligible for getting processed by all BeanPostProcessors (for example: not eligible for auto-proxying)
2017-03-13 23:43:29.154  INFO 5736 --- [main] trationDelegate$BeanPostProcessorChecker : Bean 'methodSecurityMetadataSource' of type [class org.springframework.security.access.method.DelegatingMethodSecurityMetadataSource] is not eligible for getting processed by all BeanPostProcessors (for example: not eligible for auto-proxying)
2017-03-13 23:43:30.188  INFO 5736 --- [main] s.b.c.e.t.TomcatEmbeddedServletContainer : Tomcat initialized with port(s): 8081 (http)
2017-03-13 23:43:30.216  INFO 5736 --- [main] o.apache.catalina.core.StandardService   : Starting service Tomcat
2017-03-13 23:43:30.219  INFO 5736 --- [main] org.apache.catalina.core.StandardEngine  : Starting Servlet Engine: Apache Tomcat/8.5.6
2017-03-13 23:43:30.507  INFO 5736 --- [localhost-startStop-1] o.a.c.c.C.[Tomcat].[localhost].[/]       : Initializing Spring embedded WebApplicationContext
2017-03-13 23:43:30.508  INFO 5736 --- [localhost-startStop-1] o.s.web.context.ContextLoader            : Root WebApplicationContext: initialization completed in 6372 ms
2017-03-13 23:43:32.191  INFO 5736 --- [localhost-startStop-1] j.LocalContainerEntityManagerFactoryBean : Building JPA container EntityManagerFactory for persistence unit 'default'
2017-03-13 23:43:32.230  INFO 5736 --- [localhost-startStop-1] o.hibernate.jpa.internal.util.LogHelper  : HHH000204: Processing PersistenceUnitInfo [
	name: default
	...]
2017-03-13 23:43:32.394  INFO 5736 --- [localhost-startStop-1] org.hibernate.Version                    : HHH000412: Hibernate Core {5.0.11.Final}
2017-03-13 23:43:32.400  INFO 5736 --- [localhost-startStop-1] org.hibernate.cfg.Environment            : HHH000206: hibernate.properties not found
2017-03-13 23:43:32.405  INFO 5736 --- [localhost-startStop-1] org.hibernate.cfg.Environment            : HHH000021: Bytecode provider name : javassist
2017-03-13 23:43:32.765  INFO 5736 --- [localhost-startStop-1] o.hibernate.annotations.common.Version   : HCANN000001: Hibernate Commons Annotations {5.0.1.Final}
2017-03-13 23:43:33.037  INFO 5736 --- [localhost-startStop-1] com.alibaba.druid.pool.DruidDataSource   : {dataSource-1} inited
2017-03-13 23:43:34.236  INFO 5736 --- [localhost-startStop-1] org.hibernate.dialect.Dialect            : HHH000400: Using dialect: org.hibernate.dialect.MySQL5Dialect
2017-03-13 23:43:35.305  INFO 5736 --- [localhost-startStop-1] j.LocalContainerEntityManagerFactoryBean : Initialized JPA EntityManagerFactory for persistence unit 'default'
2017-03-13 23:43:35.827  INFO 5736 --- [localhost-startStop-1] o.h.h.i.QueryTranslatorFactoryInitiator  : HHH000397: Using ASTQueryTranslatorFactory
2017-03-13 23:43:36.582  INFO 5736 --- [localhost-startStop-1] o.s.b.w.servlet.FilterRegistrationBean   : Mapping filter: 'characterEncodingFilter' to: [/*]
2017-03-13 23:43:36.583  INFO 5736 --- [localhost-startStop-1] o.s.b.w.servlet.FilterRegistrationBean   : Mapping filter: 'hiddenHttpMethodFilter' to: [/*]
2017-03-13 23:43:36.583  INFO 5736 --- [localhost-startStop-1] o.s.b.w.servlet.FilterRegistrationBean   : Mapping filter: 'httpPutFormContentFilter' to: [/*]
2017-03-13 23:43:36.584  INFO 5736 --- [localhost-startStop-1] o.s.b.w.servlet.FilterRegistrationBean   : Mapping filter: 'requestContextFilter' to: [/*]
2017-03-13 23:43:36.587  INFO 5736 --- [localhost-startStop-1] .s.DelegatingFilterProxyRegistrationBean : Mapping filter: 'springSecurityFilterChain' to: [/*]
2017-03-13 23:43:36.588  INFO 5736 --- [localhost-startStop-1] o.s.b.c.embedded.FilterRegistrationBean  : Filter authenticationFilter was not registered (disabled)
2017-03-13 23:43:36.589  INFO 5736 --- [localhost-startStop-1] o.s.b.w.servlet.ServletRegistrationBean  : Mapping servlet: 'dispatcherServlet' to [/]
2017-03-13 23:43:37.114  INFO 5736 --- [main] b.a.s.AuthenticationManagerConfiguration : 

Using default security password: e7955055-2df6-4b98-8910-68582877df02

2017-03-13 23:43:37.344  INFO 5736 --- [main] o.s.s.web.DefaultSecurityFilterChain     : Creating filter chain: org.springframework.security.web.util.matcher.AnyRequestMatcher@1, [org.springframework.security.web.context.request.async.WebAsyncManagerIntegrationFilter@47be41c6, org.springframework.security.web.context.SecurityContextPersistenceFilter@1f0e2bdc, org.springframework.security.web.savedrequest.RequestCacheAwareFilter@44a93f8a, org.springframework.security.web.servletapi.SecurityContextHolderAwareRequestFilter@3b3546a3, org.springframework.security.web.authentication.AnonymousAuthenticationFilter@608b35fa, org.springframework.security.web.session.SessionManagementFilter@5efe5b25, AuthenticationFilter@62f2ecd2, org.springframework.security.web.access.ExceptionTranslationFilter@46e388ec]
2017-03-13 23:43:37.779  INFO 5736 --- [main] org.hibernate.dialect.Dialect            : HHH000400: Using dialect: org.hibernate.dialect.MySQL57InnoDBDialect
2017-03-13 23:43:38.151  INFO 5736 --- [main] s.w.s.m.m.a.RequestMappingHandlerAdapter : Looking for @ControllerAdvice: org.springframework.boot.context.embedded.AnnotationConfigEmbeddedWebApplicationContext@604c5de8: startup date [Mon Mar 13 23:43:24 CST 2017]; root of context hierarchy
2017-03-13 23:43:38.408  INFO 5736 --- [main] s.w.s.m.m.a.RequestMappingHandlerMapping : Mapped "{[/test]}" onto public java.lang.String DemoController.ok()
2017-03-13 23:43:38.412  INFO 5736 --- [main] s.w.s.m.m.a.RequestMappingHandlerMapping : Mapped "{[/users],methods=[GET]}" onto public DataResponse ResourceController.userList(User)
2017-03-13 23:43:38.413  INFO 5736 --- [main] s.w.s.m.m.a.RequestMappingHandlerMapping : Mapped "{[/token],methods=[GET]}" onto public DataResponse<TokenResponse> TokenController.getToken(java.lang.String,java.lang.String)
2017-03-13 23:43:38.416  WARN 5736 --- [main] ationConfigEmbeddedWebApplicationContext : Exception encountered during context initialization - cancelling refresh attempt: org.springframework.beans.factory.BeanCreationException: Error creating bean with name 'requestMappingHandlerMapping' defined in class path resource [org/springframework/boot/autoconfigure/web/WebMvcAutoConfiguration$EnableWebMvcConfiguration.class]: Invocation of init method failed; nested exception is java.lang.IllegalStateException: Ambiguous mapping. Cannot map 'userController' method 
public PagedDataResponse<UserResponse> UserController.userList(PageRequest)
to {[/users],methods=[GET]}: There is already 'resourceController' bean method
public DataResponse ResourceController.userList(User) mapped.
2017-03-13 23:43:38.420  INFO 5736 --- [main] j.LocalContainerEntityManagerFactoryBean : Closing JPA EntityManagerFactory for persistence unit 'default'
2017-03-13 23:43:38.432  INFO 5736 --- [main] com.alibaba.druid.pool.DruidDataSource   : {dataSource-1} closed
2017-03-13 23:43:38.438  INFO 5736 --- [main] o.apache.catalina.core.StandardService   : Stopping service Tomcat
2017-03-13 23:43:38.447  WARN 5736 --- [localhost-startStop-1] o.a.c.loader.WebappClassLoaderBase       : The web application [ROOT] appears to have started a thread named [Abandoned connection cleanup thread] but has failed to stop it. This is very likely to create a memory leak. Stack trace of thread:
 java.lang.Object.wait(Native Method)
 java.lang.ref.ReferenceQueue.remove(ReferenceQueue.java:143)
 com.mysql.jdbc.AbandonedConnectionCleanupThread.run(AbandonedConnectionCleanupThread.java:43)
2017-03-13 23:43:38.465  WARN 5736 --- [main] o.s.boot.SpringApplication               : Error handling failed (Error creating bean with name 'spring.datasource-org.springframework.boot.autoconfigure.jdbc.DataSourceProperties': Initialization of bean failed; nested exception is java.lang.IllegalStateException: org.springframework.boot.context.embedded.AnnotationConfigEmbeddedWebApplicationContext@604c5de8 has not been refreshed yet)
2017-03-13 23:43:38.478 ERROR 5736 --- [main] o.s.boot.SpringApplication               : Application startup failed

org.springframework.beans.factory.BeanCreationException: Error creating bean with name 'requestMappingHandlerMapping' defined in class path resource [org/springframework/boot/autoconfigure/web/WebMvcAutoConfiguration$EnableWebMvcConfiguration.class]: Invocation of init method failed; nested exception is java.lang.IllegalStateException: Ambiguous mapping. Cannot map 'userController' method 
public PagedDataResponse<UserResponse> UserController.userList(PageRequest)
to {[/users],methods=[GET]}: There is already 'resourceController' bean method
public DataResponse ResourceController.userList(User) mapped.
	at org.springframework.beans.factory.support.AbstractAutowireCapableBeanFactory.initializeBean(AbstractAutowireCapableBeanFactory.java:1583)
	at org.springframework.beans.factory.support.AbstractAutowireCapableBeanFactory.doCreateBean(AbstractAutowireCapableBeanFactory.java:553)
	at org.springframework.beans.factory.support.AbstractAutowireCapableBeanFactory.createBean(AbstractAutowireCapableBeanFactory.java:482)
	at org.springframework.beans.factory.support.AbstractBeanFactory$1.getObject(AbstractBeanFactory.java:306)
	at org.springframework.beans.factory.support.DefaultSingletonBeanRegistry.getSingleton(DefaultSingletonBeanRegistry.java:230)
	at org.springframework.beans.factory.support.AbstractBeanFactory.doGetBean(AbstractBeanFactory.java:302)
	at org.springframework.beans.factory.support.AbstractBeanFactory.getBean(AbstractBeanFactory.java:197)
	at org.springframework.beans.factory.support.DefaultListableBeanFactory.preInstantiateSingletons(DefaultListableBeanFactory.java:754)
	at org.springframework.context.support.AbstractApplicationContext.finishBeanFactoryInitialization(AbstractApplicationContext.java:866)
	at org.springframework.context.support.AbstractApplicationContext.refresh(AbstractApplicationContext.java:542)
	at org.springframework.boot.context.embedded.EmbeddedWebApplicationContext.refresh(EmbeddedWebApplicationContext.java:122)
	at org.springframework.boot.SpringApplication.refresh(SpringApplication.java:761)
	at org.springframework.boot.SpringApplication.refreshContext(SpringApplication.java:371)
	at org.springframework.boot.SpringApplication.run(SpringApplication.java:315)
	at org.springframework.boot.SpringApplication.run(SpringApplication.java:1186)
	at org.springframework.boot.SpringApplication.run(SpringApplication.java:1175)
	at WebapiApplication.main(WebapiApplication.java:14)
Caused by: java.lang.IllegalStateException: Ambiguous mapping. Cannot map 'userController' method 
public PagedDataResponse<UserResponse> UserController.userList(PageRequest)
to {[/users],methods=[GET]}: There is already 'resourceController' bean method
public DataResponse ResourceController.userList(User) mapped.
	at org.springframework.web.servlet.handler.AbstractHandlerMethodMapping$MappingRegistry.assertUniqueMethodMapping(AbstractHandlerMethodMapping.java:576)
	at org.springframework.web.servlet.handler.AbstractHandlerMethodMapping$MappingRegistry.register(AbstractHandlerMethodMapping.java:540)
	at org.springframework.web.servlet.handler.AbstractHandlerMethodMapping.registerHandlerMethod(AbstractHandlerMethodMapping.java:264)
	at org.springframework.web.servlet.handler.AbstractHandlerMethodMapping.detectHandlerMethods(AbstractHandlerMethodMapping.java:250)
	at org.springframework.web.servlet.handler.AbstractHandlerMethodMapping.initHandlerMethods(AbstractHandlerMethodMapping.java:214)
	at org.springframework.web.servlet.handler.AbstractHandlerMethodMapping.afterPropertiesSet(AbstractHandlerMethodMapping.java:184)
	at org.springframework.web.servlet.mvc.method.annotation.RequestMappingHandlerMapping.afterPropertiesSet(RequestMappingHandlerMapping.java:127)
	at org.springframework.beans.factory.support.AbstractAutowireCapableBeanFactory.invokeInitMethods(AbstractAutowireCapableBeanFactory.java:1642)
	at org.springframework.beans.factory.support.AbstractAutowireCapableBeanFactory.initializeBean(AbstractAutowireCapableBeanFactory.java:1579)
	... 16 common frames omitted

2017-03-13 23:45:41.937  INFO 3480 --- [main] c.u.backend.outerapi.WebapiApplication   : Starting WebapiApplication on PC-20090205KPMU with PID 3480 (E:\shanghhs\ugms\outer-api\target\classes started by Administrator in E:\shanghhs\ugms)
2017-03-13 23:45:41.947  INFO 3480 --- [main] c.u.backend.outerapi.WebapiApplication   : The following profiles are active: dev
2017-03-13 23:45:42.062  INFO 3480 --- [main] ationConfigEmbeddedWebApplicationContext : Refreshing org.springframework.boot.context.embedded.AnnotationConfigEmbeddedWebApplicationContext@37091312: startup date [Mon Mar 13 23:45:42 CST 2017]; root of context hierarchy
2017-03-13 23:45:45.299  INFO 3480 --- [main] .s.d.r.c.RepositoryConfigurationDelegate : Multiple Spring Data modules found, entering strict repository configuration mode!
2017-03-13 23:45:45.842  INFO 3480 --- [main] .s.d.r.c.RepositoryConfigurationDelegate : Multiple Spring Data modules found, entering strict repository configuration mode!
2017-03-13 23:45:45.934  INFO 3480 --- [main] .RepositoryConfigurationExtensionSupport : Spring Data Redis - Could not safely identify store assignment for repository candidate interface UserRepository.
2017-03-13 23:45:45.938  INFO 3480 --- [main] .RepositoryConfigurationExtensionSupport : Spring Data Redis - Could not safely identify store assignment for repository candidate interface ResourceRepository.
2017-03-13 23:45:45.940  INFO 3480 --- [main] .RepositoryConfigurationExtensionSupport : Spring Data Redis - Could not safely identify store assignment for repository candidate interface RoleRepository.
2017-03-13 23:45:45.942  INFO 3480 --- [main] .RepositoryConfigurationExtensionSupport : Spring Data Redis - Could not safely identify store assignment for repository candidate interface RoleResourceRepository.
2017-03-13 23:45:46.708  INFO 3480 --- [main] trationDelegate$BeanPostProcessorChecker : Bean 'webapiConfiguration' of type [class WebapiConfiguration$$EnhancerBySpringCGLIB$$ea6654c0] is not eligible for getting processed by all BeanPostProcessors (for example: not eligible for auto-proxying)
2017-03-13 23:45:47.008  INFO 3480 --- [main] trationDelegate$BeanPostProcessorChecker : Bean 'org.springframework.transaction.annotation.ProxyTransactionManagementConfiguration' of type [class org.springframework.transaction.annotation.ProxyTransactionManagementConfiguration$$EnhancerBySpringCGLIB$$305be7f7] is not eligible for getting processed by all BeanPostProcessors (for example: not eligible for auto-proxying)
2017-03-13 23:45:47.124  INFO 3480 --- [main] trationDelegate$BeanPostProcessorChecker : Bean 'org.springframework.security.config.annotation.configuration.ObjectPostProcessorConfiguration' of type [class org.springframework.security.config.annotation.configuration.ObjectPostProcessorConfiguration$$EnhancerBySpringCGLIB$$c909b031] is not eligible for getting processed by all BeanPostProcessors (for example: not eligible for auto-proxying)
2017-03-13 23:45:47.156  INFO 3480 --- [main] trationDelegate$BeanPostProcessorChecker : Bean 'objectPostProcessor' of type [class org.springframework.security.config.annotation.configuration.AutowireBeanFactoryObjectPostProcessor] is not eligible for getting processed by all BeanPostProcessors (for example: not eligible for auto-proxying)
2017-03-13 23:45:47.162  INFO 3480 --- [main] trationDelegate$BeanPostProcessorChecker : Bean 'org.springframework.security.access.expression.method.DefaultMethodSecurityExpressionHandler@4db0ba1c' of type [class org.springframework.security.access.expression.method.DefaultMethodSecurityExpressionHandler] is not eligible for getting processed by all BeanPostProcessors (for example: not eligible for auto-proxying)
2017-03-13 23:45:47.181  INFO 3480 --- [main] trationDelegate$BeanPostProcessorChecker : Bean 'methodSecurityConfiguration' of type [class MethodSecurityConfiguration$$EnhancerBySpringCGLIB$$32525def] is not eligible for getting processed by all BeanPostProcessors (for example: not eligible for auto-proxying)
2017-03-13 23:45:47.211  INFO 3480 --- [main] trationDelegate$BeanPostProcessorChecker : Bean 'methodSecurityMetadataSource' of type [class org.springframework.security.access.method.DelegatingMethodSecurityMetadataSource] is not eligible for getting processed by all BeanPostProcessors (for example: not eligible for auto-proxying)
2017-03-13 23:45:48.298  INFO 3480 --- [main] s.b.c.e.t.TomcatEmbeddedServletContainer : Tomcat initialized with port(s): 8081 (http)
2017-03-13 23:45:48.330  INFO 3480 --- [main] o.apache.catalina.core.StandardService   : Starting service Tomcat
2017-03-13 23:45:48.333  INFO 3480 --- [main] org.apache.catalina.core.StandardEngine  : Starting Servlet Engine: Apache Tomcat/8.5.6
2017-03-13 23:45:48.597  INFO 3480 --- [localhost-startStop-1] o.a.c.c.C.[Tomcat].[localhost].[/]       : Initializing Spring embedded WebApplicationContext
2017-03-13 23:45:48.598  INFO 3480 --- [localhost-startStop-1] o.s.web.context.ContextLoader            : Root WebApplicationContext: initialization completed in 6536 ms
2017-03-13 23:45:50.239  INFO 3480 --- [localhost-startStop-1] j.LocalContainerEntityManagerFactoryBean : Building JPA container EntityManagerFactory for persistence unit 'default'
2017-03-13 23:45:50.277  INFO 3480 --- [localhost-startStop-1] o.hibernate.jpa.internal.util.LogHelper  : HHH000204: Processing PersistenceUnitInfo [
	name: default
	...]
2017-03-13 23:45:50.413  INFO 3480 --- [localhost-startStop-1] org.hibernate.Version                    : HHH000412: Hibernate Core {5.0.11.Final}
2017-03-13 23:45:50.416  INFO 3480 --- [localhost-startStop-1] org.hibernate.cfg.Environment            : HHH000206: hibernate.properties not found
2017-03-13 23:45:50.420  INFO 3480 --- [localhost-startStop-1] org.hibernate.cfg.Environment            : HHH000021: Bytecode provider name : javassist
2017-03-13 23:45:50.829  INFO 3480 --- [localhost-startStop-1] o.hibernate.annotations.common.Version   : HCANN000001: Hibernate Commons Annotations {5.0.1.Final}
2017-03-13 23:45:51.109  INFO 3480 --- [localhost-startStop-1] com.alibaba.druid.pool.DruidDataSource   : {dataSource-1} inited
2017-03-13 23:45:52.381  INFO 3480 --- [localhost-startStop-1] org.hibernate.dialect.Dialect            : HHH000400: Using dialect: org.hibernate.dialect.MySQL5Dialect
2017-03-13 23:45:53.355  INFO 3480 --- [localhost-startStop-1] j.LocalContainerEntityManagerFactoryBean : Initialized JPA EntityManagerFactory for persistence unit 'default'
2017-03-13 23:45:53.895  INFO 3480 --- [localhost-startStop-1] o.h.h.i.QueryTranslatorFactoryInitiator  : HHH000397: Using ASTQueryTranslatorFactory
2017-03-13 23:45:54.614  INFO 3480 --- [localhost-startStop-1] o.s.b.w.servlet.FilterRegistrationBean   : Mapping filter: 'characterEncodingFilter' to: [/*]
2017-03-13 23:45:54.616  INFO 3480 --- [localhost-startStop-1] o.s.b.w.servlet.FilterRegistrationBean   : Mapping filter: 'hiddenHttpMethodFilter' to: [/*]
2017-03-13 23:45:54.617  INFO 3480 --- [localhost-startStop-1] o.s.b.w.servlet.FilterRegistrationBean   : Mapping filter: 'httpPutFormContentFilter' to: [/*]
2017-03-13 23:45:54.617  INFO 3480 --- [localhost-startStop-1] o.s.b.w.servlet.FilterRegistrationBean   : Mapping filter: 'requestContextFilter' to: [/*]
2017-03-13 23:45:54.621  INFO 3480 --- [localhost-startStop-1] .s.DelegatingFilterProxyRegistrationBean : Mapping filter: 'springSecurityFilterChain' to: [/*]
2017-03-13 23:45:54.622  INFO 3480 --- [localhost-startStop-1] o.s.b.c.embedded.FilterRegistrationBean  : Filter authenticationFilter was not registered (disabled)
2017-03-13 23:45:54.623  INFO 3480 --- [localhost-startStop-1] o.s.b.w.servlet.ServletRegistrationBean  : Mapping servlet: 'dispatcherServlet' to [/]
2017-03-13 23:45:55.133  INFO 3480 --- [main] b.a.s.AuthenticationManagerConfiguration : 

Using default security password: a6188444-38db-4759-8c67-9e3b529b0e12

2017-03-13 23:45:55.359  INFO 3480 --- [main] o.s.s.web.DefaultSecurityFilterChain     : Creating filter chain: org.springframework.security.web.util.matcher.AnyRequestMatcher@1, [org.springframework.security.web.context.request.async.WebAsyncManagerIntegrationFilter@23bd047f, org.springframework.security.web.context.SecurityContextPersistenceFilter@13234ac9, org.springframework.security.web.savedrequest.RequestCacheAwareFilter@39374689, org.springframework.security.web.servletapi.SecurityContextHolderAwareRequestFilter@2513155a, org.springframework.security.web.authentication.AnonymousAuthenticationFilter@3562e7c7, org.springframework.security.web.session.SessionManagementFilter@42ff9a77, AuthenticationFilter@7402ba5d, org.springframework.security.web.access.ExceptionTranslationFilter@2e929182]
2017-03-13 23:45:55.816  INFO 3480 --- [main] org.hibernate.dialect.Dialect            : HHH000400: Using dialect: org.hibernate.dialect.MySQL57InnoDBDialect
2017-03-13 23:45:56.194  INFO 3480 --- [main] s.w.s.m.m.a.RequestMappingHandlerAdapter : Looking for @ControllerAdvice: org.springframework.boot.context.embedded.AnnotationConfigEmbeddedWebApplicationContext@37091312: startup date [Mon Mar 13 23:45:42 CST 2017]; root of context hierarchy
2017-03-13 23:45:56.442  INFO 3480 --- [main] s.w.s.m.m.a.RequestMappingHandlerMapping : Mapped "{[/test]}" onto public java.lang.String DemoController.ok()
2017-03-13 23:45:56.445  INFO 3480 --- [main] s.w.s.m.m.a.RequestMappingHandlerMapping : Mapped "{[/user/resources],methods=[GET]}" onto public DataResponse ResourceController.resources(User)
2017-03-13 23:45:56.447  INFO 3480 --- [main] s.w.s.m.m.a.RequestMappingHandlerMapping : Mapped "{[/token],methods=[GET]}" onto public DataResponse<TokenResponse> TokenController.getToken(java.lang.String,java.lang.String)
2017-03-13 23:45:56.448  INFO 3480 --- [main] s.w.s.m.m.a.RequestMappingHandlerMapping : Mapped "{[/users/delete],methods=[POST]}" onto public BasicResponse UserController.userDelete(UserRequest)
2017-03-13 23:45:56.449  INFO 3480 --- [main] s.w.s.m.m.a.RequestMappingHandlerMapping : Mapped "{[/users],methods=[GET]}" onto public PagedDataResponse<UserResponse> UserController.userList(PageRequest)
2017-03-13 23:45:56.450  INFO 3480 --- [main] s.w.s.m.m.a.RequestMappingHandlerMapping : Mapped "{[/users],methods=[POST]}" onto public BasicResponse UserController.userAdd(UserRequest)
2017-03-13 23:45:56.455  INFO 3480 --- [main] s.w.s.m.m.a.RequestMappingHandlerMapping : Mapped "{[/error]}" onto public org.springframework.http.ResponseEntity<java.util.Map<java.lang.String, java.lang.Object>> org.springframework.boot.autoconfigure.web.BasicErrorController.error(javax.servlet.http.HttpServletRequest)
2017-03-13 23:45:56.456  INFO 3480 --- [main] s.w.s.m.m.a.RequestMappingHandlerMapping : Mapped "{[/error],produces=[text/html]}" onto public org.springframework.web.servlet.ModelAndView org.springframework.boot.autoconfigure.web.BasicErrorController.errorHtml(javax.servlet.http.HttpServletRequest,javax.servlet.http.HttpServletResponse)
2017-03-13 23:45:56.678  INFO 3480 --- [main] o.s.w.s.handler.SimpleUrlHandlerMapping  : Mapped URL path [/webjars/**] onto handler of type [class org.springframework.web.servlet.resource.ResourceHttpRequestHandler]
2017-03-13 23:45:56.679  INFO 3480 --- [main] o.s.w.s.handler.SimpleUrlHandlerMapping  : Mapped URL path [/static/**] onto handler of type [class org.springframework.web.servlet.resource.ResourceHttpRequestHandler]
2017-03-13 23:45:56.783  INFO 3480 --- [main] .m.m.a.ExceptionHandlerExceptionResolver : Detected @ExceptionHandler methods in exceptionMessageHandler
2017-03-13 23:45:56.866  INFO 3480 --- [main] o.s.w.s.handler.SimpleUrlHandlerMapping  : Mapped URL path [/**/favicon.ico] onto handler of type [class org.springframework.web.servlet.resource.ResourceHttpRequestHandler]
2017-03-13 23:45:58.064  WARN 3480 --- [main] arterDeprecationWarningAutoConfiguration : spring-boot-starter-redis is deprecated as of Spring Boot 1.4, please migrate to spring-boot-starter-data-redis
2017-03-13 23:45:58.471  INFO 3480 --- [main] o.s.j.e.a.AnnotationMBeanExporter        : Registering beans for JMX exposure on startup
2017-03-13 23:45:58.475  INFO 3480 --- [main] o.s.j.e.a.AnnotationMBeanExporter        : Bean with name 'dataSource' has been autodetected for JMX exposure
2017-03-13 23:45:58.488  INFO 3480 --- [main] o.s.j.e.a.AnnotationMBeanExporter        : Located MBean 'dataSource': registering with JMX server as MBean [com.alibaba.druid.pool:name=dataSource,type=DruidDataSource]
2017-03-13 23:45:58.648  INFO 3480 --- [main] s.b.c.e.t.TomcatEmbeddedServletContainer : Tomcat started on port(s): 8081 (http)
2017-03-13 23:45:58.660  INFO 3480 --- [main] c.u.backend.outerapi.WebapiApplication   : Started WebapiApplication in 19.461 seconds (JVM running for 20.439)
