2017-03-14 21:53:38.333  INFO 212 --- [main] c.u.backend.outerapi.WebapiApplication   : Starting WebapiApplication on PC-20090205KPMU with PID 212 (E:\shanghhs\ugms\outer-api\target\classes started by Administrator in E:\shanghhs\ugms)
2017-03-14 21:53:38.375  INFO 212 --- [main] c.u.backend.outerapi.WebapiApplication   : The following profiles are active: dev
2017-03-14 21:53:38.634  INFO 212 --- [main] ationConfigEmbeddedWebApplicationContext : Refreshing org.springframework.boot.context.embedded.AnnotationConfigEmbeddedWebApplicationContext@906d29b: startup date [Tue Mar 14 21:53:38 CST 2017]; root of context hierarchy
2017-03-14 21:53:42.894  INFO 212 --- [main] .s.d.r.c.RepositoryConfigurationDelegate : Multiple Spring Data modules found, entering strict repository configuration mode!
2017-03-14 21:53:43.634  INFO 212 --- [main] .s.d.r.c.RepositoryConfigurationDelegate : Multiple Spring Data modules found, entering strict repository configuration mode!
2017-03-14 21:53:43.719  INFO 212 --- [main] .RepositoryConfigurationExtensionSupport : Spring Data Redis - Could not safely identify store assignment for repository candidate interface com.ugms.backend.service.repository.mysql.UserRepository.
2017-03-14 21:53:43.725  INFO 212 --- [main] .RepositoryConfigurationExtensionSupport : Spring Data Redis - Could not safely identify store assignment for repository candidate interface com.ugms.backend.service.repository.mysql.ResourceRepository.
2017-03-14 21:53:43.726  INFO 212 --- [main] .RepositoryConfigurationExtensionSupport : Spring Data Redis - Could not safely identify store assignment for repository candidate interface com.ugms.backend.service.repository.mysql.RoleRepository.
2017-03-14 21:53:43.728  INFO 212 --- [main] .RepositoryConfigurationExtensionSupport : Spring Data Redis - Could not safely identify store assignment for repository candidate interface com.ugms.backend.service.repository.mysql.RoleResourceRepository.
2017-03-14 21:53:44.620  INFO 212 --- [main] trationDelegate$BeanPostProcessorChecker : Bean 'webapiConfiguration' of type [class com.ugms.backend.outerapi.WebapiConfiguration$$EnhancerBySpringCGLIB$$3ac75275] is not eligible for getting processed by all BeanPostProcessors (for example: not eligible for auto-proxying)
2017-03-14 21:53:44.995  INFO 212 --- [main] trationDelegate$BeanPostProcessorChecker : Bean 'org.springframework.transaction.annotation.ProxyTransactionManagementConfiguration' of type [class org.springframework.transaction.annotation.ProxyTransactionManagementConfiguration$$EnhancerBySpringCGLIB$$80bce5ac] is not eligible for getting processed by all BeanPostProcessors (for example: not eligible for auto-proxying)
2017-03-14 21:53:45.139  INFO 212 --- [main] trationDelegate$BeanPostProcessorChecker : Bean 'org.springframework.security.config.annotation.configuration.ObjectPostProcessorConfiguration' of type [class org.springframework.security.config.annotation.configuration.ObjectPostProcessorConfiguration$$EnhancerBySpringCGLIB$$196aade6] is not eligible for getting processed by all BeanPostProcessors (for example: not eligible for auto-proxying)
2017-03-14 21:53:45.165  INFO 212 --- [main] trationDelegate$BeanPostProcessorChecker : Bean 'objectPostProcessor' of type [class org.springframework.security.config.annotation.configuration.AutowireBeanFactoryObjectPostProcessor] is not eligible for getting processed by all BeanPostProcessors (for example: not eligible for auto-proxying)
2017-03-14 21:53:45.167  INFO 212 --- [main] trationDelegate$BeanPostProcessorChecker : Bean 'org.springframework.security.access.expression.method.DefaultMethodSecurityExpressionHandler@66020d69' of type [class org.springframework.security.access.expression.method.DefaultMethodSecurityExpressionHandler] is not eligible for getting processed by all BeanPostProcessors (for example: not eligible for auto-proxying)
2017-03-14 21:53:45.182  INFO 212 --- [main] trationDelegate$BeanPostProcessorChecker : Bean 'methodSecurityConfiguration' of type [class com.ugms.backend.outerapi.security.MethodSecurityConfiguration$$EnhancerBySpringCGLIB$$82b35ba4] is not eligible for getting processed by all BeanPostProcessors (for example: not eligible for auto-proxying)
2017-03-14 21:53:45.210  INFO 212 --- [main] trationDelegate$BeanPostProcessorChecker : Bean 'methodSecurityMetadataSource' of type [class org.springframework.security.access.method.DelegatingMethodSecurityMetadataSource] is not eligible for getting processed by all BeanPostProcessors (for example: not eligible for auto-proxying)
2017-03-14 21:53:46.680  INFO 212 --- [main] s.b.c.e.t.TomcatEmbeddedServletContainer : Tomcat initialized with port(s): 8081 (http)
2017-03-14 21:53:46.725  INFO 212 --- [main] o.apache.catalina.core.StandardService   : Starting service Tomcat
2017-03-14 21:53:46.730  INFO 212 --- [main] org.apache.catalina.core.StandardEngine  : Starting Servlet Engine: Apache Tomcat/8.5.6
2017-03-14 21:53:47.083  INFO 212 --- [localhost-startStop-1] o.a.c.c.C.[Tomcat].[localhost].[/]       : Initializing Spring embedded WebApplicationContext
2017-03-14 21:53:47.084  INFO 212 --- [localhost-startStop-1] o.s.web.context.ContextLoader            : Root WebApplicationContext: initialization completed in 8450 ms
2017-03-14 21:53:49.067  INFO 212 --- [localhost-startStop-1] j.LocalContainerEntityManagerFactoryBean : Building JPA container EntityManagerFactory for persistence unit 'default'
2017-03-14 21:53:49.129  INFO 212 --- [localhost-startStop-1] o.hibernate.jpa.internal.util.LogHelper  : HHH000204: Processing PersistenceUnitInfo [
	name: default
	...]
2017-03-14 21:53:49.664  INFO 212 --- [localhost-startStop-1] org.hibernate.Version                    : HHH000412: Hibernate Core {5.0.11.Final}
2017-03-14 21:53:49.669  INFO 212 --- [localhost-startStop-1] org.hibernate.cfg.Environment            : HHH000206: hibernate.properties not found
2017-03-14 21:53:49.674  INFO 212 --- [localhost-startStop-1] org.hibernate.cfg.Environment            : HHH000021: Bytecode provider name : javassist
2017-03-14 21:53:50.453  INFO 212 --- [localhost-startStop-1] o.hibernate.annotations.common.Version   : HCANN000001: Hibernate Commons Annotations {5.0.1.Final}
2017-03-14 21:53:50.969  INFO 212 --- [localhost-startStop-1] com.alibaba.druid.pool.DruidDataSource   : {dataSource-1} inited
2017-03-14 21:53:52.216  INFO 212 --- [localhost-startStop-1] org.hibernate.dialect.Dialect            : HHH000400: Using dialect: org.hibernate.dialect.MySQL5Dialect
2017-03-14 21:53:53.914  INFO 212 --- [localhost-startStop-1] j.LocalContainerEntityManagerFactoryBean : Initialized JPA EntityManagerFactory for persistence unit 'default'
2017-03-14 21:53:54.501  INFO 212 --- [localhost-startStop-1] o.h.h.i.QueryTranslatorFactoryInitiator  : HHH000397: Using ASTQueryTranslatorFactory
2017-03-14 21:53:55.421  INFO 212 --- [localhost-startStop-1] o.s.b.w.servlet.FilterRegistrationBean   : Mapping filter: 'characterEncodingFilter' to: [/*]
2017-03-14 21:53:55.423  INFO 212 --- [localhost-startStop-1] o.s.b.w.servlet.FilterRegistrationBean   : Mapping filter: 'hiddenHttpMethodFilter' to: [/*]
2017-03-14 21:53:55.424  INFO 212 --- [localhost-startStop-1] o.s.b.w.servlet.FilterRegistrationBean   : Mapping filter: 'httpPutFormContentFilter' to: [/*]
2017-03-14 21:53:55.425  INFO 212 --- [localhost-startStop-1] o.s.b.w.servlet.FilterRegistrationBean   : Mapping filter: 'requestContextFilter' to: [/*]
2017-03-14 21:53:55.428  INFO 212 --- [localhost-startStop-1] .s.DelegatingFilterProxyRegistrationBean : Mapping filter: 'springSecurityFilterChain' to: [/*]
2017-03-14 21:53:55.429  INFO 212 --- [localhost-startStop-1] o.s.b.c.embedded.FilterRegistrationBean  : Filter authenticationFilter was not registered (disabled)
2017-03-14 21:53:55.430  INFO 212 --- [localhost-startStop-1] o.s.b.w.servlet.ServletRegistrationBean  : Mapping servlet: 'dispatcherServlet' to [/]
2017-03-14 21:53:56.150  INFO 212 --- [main] b.a.s.AuthenticationManagerConfiguration : 

Using default security password: fe5b78c2-f8a7-4023-a694-dfa041104b22

2017-03-14 21:53:56.458  INFO 212 --- [main] o.s.s.web.DefaultSecurityFilterChain     : Creating filter chain: org.springframework.security.web.util.matcher.AnyRequestMatcher@1, [org.springframework.security.web.context.request.async.WebAsyncManagerIntegrationFilter@1e6d30c0, org.springframework.security.web.context.SecurityContextPersistenceFilter@7db47323, org.springframework.security.web.savedrequest.RequestCacheAwareFilter@175ac243, org.springframework.security.web.servletapi.SecurityContextHolderAwareRequestFilter@38fb151a, org.springframework.security.web.authentication.AnonymousAuthenticationFilter@38929da, org.springframework.security.web.session.SessionManagementFilter@336e3be2, com.ugms.backend.outerapi.security.AuthenticationFilter@6634e938, org.springframework.security.web.access.ExceptionTranslationFilter@43a59289]
2017-03-14 21:53:57.378  INFO 212 --- [main] org.hibernate.dialect.Dialect            : HHH000400: Using dialect: org.hibernate.dialect.MySQL57InnoDBDialect
2017-03-14 21:53:57.906  INFO 212 --- [main] s.w.s.m.m.a.RequestMappingHandlerAdapter : Looking for @ControllerAdvice: org.springframework.boot.context.embedded.AnnotationConfigEmbeddedWebApplicationContext@906d29b: startup date [Tue Mar 14 21:53:38 CST 2017]; root of context hierarchy
2017-03-14 21:53:58.188  INFO 212 --- [main] s.w.s.m.m.a.RequestMappingHandlerMapping : Mapped "{[/test]}" onto public java.lang.String com.ugms.backend.outerapi.controller.DemoController.ok()
2017-03-14 21:53:58.192  INFO 212 --- [main] s.w.s.m.m.a.RequestMappingHandlerMapping : Mapped "{[/user/resources],methods=[GET]}" onto public com.ugms.backend.bean.base.response.DataResponse com.ugms.backend.outerapi.controller.ResourceController.resources(com.ugms.backend.service.entity.mysql.User)
2017-03-14 21:53:58.193  INFO 212 --- [main] s.w.s.m.m.a.RequestMappingHandlerMapping : Mapped "{[/token],methods=[GET]}" onto public com.ugms.backend.bean.base.response.DataResponse<com.ugms.backend.bean.bean.response.TokenResponse> com.ugms.backend.outerapi.controller.TokenController.getToken(java.lang.String,java.lang.String)
2017-03-14 21:53:58.195  INFO 212 --- [main] s.w.s.m.m.a.RequestMappingHandlerMapping : Mapped "{[/users/delete],methods=[POST]}" onto public com.ugms.backend.bean.base.response.BasicResponse com.ugms.backend.outerapi.controller.UserController.userDelete(com.ugms.backend.bean.bean.request.UserRequest)
2017-03-14 21:53:58.196  INFO 212 --- [main] s.w.s.m.m.a.RequestMappingHandlerMapping : Mapped "{[/users],methods=[POST]}" onto public com.ugms.backend.bean.base.response.BasicResponse com.ugms.backend.outerapi.controller.UserController.userAdd(com.ugms.backend.bean.bean.request.UserRequest)
2017-03-14 21:53:58.197  INFO 212 --- [main] s.w.s.m.m.a.RequestMappingHandlerMapping : Mapped "{[/users],methods=[GET]}" onto public com.ugms.backend.bean.base.response.PagedDataResponse<com.ugms.backend.bean.bean.response.UserResponse> com.ugms.backend.outerapi.controller.UserController.userList(com.ugms.backend.bean.base.request.PageRequest)
2017-03-14 21:53:58.203  INFO 212 --- [main] s.w.s.m.m.a.RequestMappingHandlerMapping : Mapped "{[/error]}" onto public org.springframework.http.ResponseEntity<java.util.Map<java.lang.String, java.lang.Object>> org.springframework.boot.autoconfigure.web.BasicErrorController.error(javax.servlet.http.HttpServletRequest)
2017-03-14 21:53:58.204  INFO 212 --- [main] s.w.s.m.m.a.RequestMappingHandlerMapping : Mapped "{[/error],produces=[text/html]}" onto public org.springframework.web.servlet.ModelAndView org.springframework.boot.autoconfigure.web.BasicErrorController.errorHtml(javax.servlet.http.HttpServletRequest,javax.servlet.http.HttpServletResponse)
2017-03-14 21:53:58.341  INFO 212 --- [main] o.s.w.s.handler.SimpleUrlHandlerMapping  : Mapped URL path [/webjars/**] onto handler of type [class org.springframework.web.servlet.resource.ResourceHttpRequestHandler]
2017-03-14 21:53:58.342  INFO 212 --- [main] o.s.w.s.handler.SimpleUrlHandlerMapping  : Mapped URL path [/static/**] onto handler of type [class org.springframework.web.servlet.resource.ResourceHttpRequestHandler]
2017-03-14 21:53:58.401  INFO 212 --- [main] .m.m.a.ExceptionHandlerExceptionResolver : Detected @ExceptionHandler methods in exceptionMessageHandler
2017-03-14 21:53:58.506  INFO 212 --- [main] o.s.w.s.handler.SimpleUrlHandlerMapping  : Mapped URL path [/**/favicon.ico] onto handler of type [class org.springframework.web.servlet.resource.ResourceHttpRequestHandler]
2017-03-14 21:53:59.650  WARN 212 --- [main] arterDeprecationWarningAutoConfiguration : spring-boot-starter-redis is deprecated as of Spring Boot 1.4, please migrate to spring-boot-starter-data-redis
2017-03-14 21:54:00.130  INFO 212 --- [main] o.s.j.e.a.AnnotationMBeanExporter        : Registering beans for JMX exposure on startup
2017-03-14 21:54:00.135  INFO 212 --- [main] o.s.j.e.a.AnnotationMBeanExporter        : Bean with name 'dataSource' has been autodetected for JMX exposure
2017-03-14 21:54:00.153  INFO 212 --- [main] o.s.j.e.a.AnnotationMBeanExporter        : Located MBean 'dataSource': registering with JMX server as MBean [com.alibaba.druid.pool:name=dataSource,type=DruidDataSource]
2017-03-14 21:54:00.306  INFO 212 --- [main] s.b.c.e.t.TomcatEmbeddedServletContainer : Tomcat started on port(s): 8081 (http)
2017-03-14 21:54:00.320  INFO 212 --- [main] c.u.backend.outerapi.WebapiApplication   : Started WebapiApplication in 24.016 seconds (JVM running for 27.129)
2017-03-14 21:54:32.935  INFO 6644 --- [main] c.u.backend.outerapi.WebapiApplication   : Starting WebapiApplication on PC-20090205KPMU with PID 6644 (E:\shanghhs\ugms\outer-api\target\classes started by Administrator in E:\shanghhs\ugms)
2017-03-14 21:54:32.949  INFO 6644 --- [main] c.u.backend.outerapi.WebapiApplication   : The following profiles are active: dev
2017-03-14 21:54:33.060  INFO 6644 --- [main] ationConfigEmbeddedWebApplicationContext : Refreshing org.springframework.boot.context.embedded.AnnotationConfigEmbeddedWebApplicationContext@604c5de8: startup date [Tue Mar 14 21:54:33 CST 2017]; root of context hierarchy
2017-03-14 21:54:36.185  INFO 6644 --- [main] .s.d.r.c.RepositoryConfigurationDelegate : Multiple Spring Data modules found, entering strict repository configuration mode!
2017-03-14 21:54:36.777  INFO 6644 --- [main] .s.d.r.c.RepositoryConfigurationDelegate : Multiple Spring Data modules found, entering strict repository configuration mode!
2017-03-14 21:54:36.854  INFO 6644 --- [main] .RepositoryConfigurationExtensionSupport : Spring Data Redis - Could not safely identify store assignment for repository candidate interface com.ugms.backend.service.repository.mysql.UserRepository.
2017-03-14 21:54:36.859  INFO 6644 --- [main] .RepositoryConfigurationExtensionSupport : Spring Data Redis - Could not safely identify store assignment for repository candidate interface com.ugms.backend.service.repository.mysql.ResourceRepository.
2017-03-14 21:54:36.860  INFO 6644 --- [main] .RepositoryConfigurationExtensionSupport : Spring Data Redis - Could not safely identify store assignment for repository candidate interface com.ugms.backend.service.repository.mysql.RoleRepository.
2017-03-14 21:54:36.862  INFO 6644 --- [main] .RepositoryConfigurationExtensionSupport : Spring Data Redis - Could not safely identify store assignment for repository candidate interface com.ugms.backend.service.repository.mysql.RoleResourceRepository.
2017-03-14 21:54:37.629  INFO 6644 --- [main] trationDelegate$BeanPostProcessorChecker : Bean 'webapiConfiguration' of type [class com.ugms.backend.outerapi.WebapiConfiguration$$EnhancerBySpringCGLIB$$6e517aa6] is not eligible for getting processed by all BeanPostProcessors (for example: not eligible for auto-proxying)
2017-03-14 21:54:37.896  INFO 6644 --- [main] trationDelegate$BeanPostProcessorChecker : Bean 'org.springframework.transaction.annotation.ProxyTransactionManagementConfiguration' of type [class org.springframework.transaction.annotation.ProxyTransactionManagementConfiguration$$EnhancerBySpringCGLIB$$b4470ddd] is not eligible for getting processed by all BeanPostProcessors (for example: not eligible for auto-proxying)
2017-03-14 21:54:38.003  INFO 6644 --- [main] trationDelegate$BeanPostProcessorChecker : Bean 'org.springframework.security.config.annotation.configuration.ObjectPostProcessorConfiguration' of type [class org.springframework.security.config.annotation.configuration.ObjectPostProcessorConfiguration$$EnhancerBySpringCGLIB$$4cf4d617] is not eligible for getting processed by all BeanPostProcessors (for example: not eligible for auto-proxying)
2017-03-14 21:54:38.029  INFO 6644 --- [main] trationDelegate$BeanPostProcessorChecker : Bean 'objectPostProcessor' of type [class org.springframework.security.config.annotation.configuration.AutowireBeanFactoryObjectPostProcessor] is not eligible for getting processed by all BeanPostProcessors (for example: not eligible for auto-proxying)
2017-03-14 21:54:38.033  INFO 6644 --- [main] trationDelegate$BeanPostProcessorChecker : Bean 'org.springframework.security.access.expression.method.DefaultMethodSecurityExpressionHandler@7f12094d' of type [class org.springframework.security.access.expression.method.DefaultMethodSecurityExpressionHandler] is not eligible for getting processed by all BeanPostProcessors (for example: not eligible for auto-proxying)
2017-03-14 21:54:38.046  INFO 6644 --- [main] trationDelegate$BeanPostProcessorChecker : Bean 'methodSecurityConfiguration' of type [class com.ugms.backend.outerapi.security.MethodSecurityConfiguration$$EnhancerBySpringCGLIB$$b63d83d5] is not eligible for getting processed by all BeanPostProcessors (for example: not eligible for auto-proxying)
2017-03-14 21:54:38.075  INFO 6644 --- [main] trationDelegate$BeanPostProcessorChecker : Bean 'methodSecurityMetadataSource' of type [class org.springframework.security.access.method.DelegatingMethodSecurityMetadataSource] is not eligible for getting processed by all BeanPostProcessors (for example: not eligible for auto-proxying)
2017-03-14 21:54:39.299  INFO 6644 --- [main] s.b.c.e.t.TomcatEmbeddedServletContainer : Tomcat initialized with port(s): 8080 (http)
2017-03-14 21:54:39.334  INFO 6644 --- [main] o.apache.catalina.core.StandardService   : Starting service Tomcat
2017-03-14 21:54:39.338  INFO 6644 --- [main] org.apache.catalina.core.StandardEngine  : Starting Servlet Engine: Apache Tomcat/8.5.6
2017-03-14 21:54:39.640  INFO 6644 --- [localhost-startStop-1] o.a.c.c.C.[Tomcat].[localhost].[/]       : Initializing Spring embedded WebApplicationContext
2017-03-14 21:54:39.641  INFO 6644 --- [localhost-startStop-1] o.s.web.context.ContextLoader            : Root WebApplicationContext: initialization completed in 6582 ms
2017-03-14 21:54:41.334  INFO 6644 --- [localhost-startStop-1] j.LocalContainerEntityManagerFactoryBean : Building JPA container EntityManagerFactory for persistence unit 'default'
2017-03-14 21:54:41.377  INFO 6644 --- [localhost-startStop-1] o.hibernate.jpa.internal.util.LogHelper  : HHH000204: Processing PersistenceUnitInfo [
	name: default
	...]
2017-03-14 21:54:41.536  INFO 6644 --- [localhost-startStop-1] org.hibernate.Version                    : HHH000412: Hibernate Core {5.0.11.Final}
2017-03-14 21:54:41.541  INFO 6644 --- [localhost-startStop-1] org.hibernate.cfg.Environment            : HHH000206: hibernate.properties not found
2017-03-14 21:54:41.544  INFO 6644 --- [localhost-startStop-1] org.hibernate.cfg.Environment            : HHH000021: Bytecode provider name : javassist
2017-03-14 21:54:41.890  INFO 6644 --- [localhost-startStop-1] o.hibernate.annotations.common.Version   : HCANN000001: Hibernate Commons Annotations {5.0.1.Final}
2017-03-14 21:54:42.187  INFO 6644 --- [localhost-startStop-1] com.alibaba.druid.pool.DruidDataSource   : {dataSource-1} inited
2017-03-14 21:54:43.326  INFO 6644 --- [localhost-startStop-1] org.hibernate.dialect.Dialect            : HHH000400: Using dialect: org.hibernate.dialect.MySQL5Dialect
2017-03-14 21:54:45.244  INFO 6644 --- [localhost-startStop-1] j.LocalContainerEntityManagerFactoryBean : Initialized JPA EntityManagerFactory for persistence unit 'default'
2017-03-14 21:54:45.819  INFO 6644 --- [localhost-startStop-1] o.h.h.i.QueryTranslatorFactoryInitiator  : HHH000397: Using ASTQueryTranslatorFactory
2017-03-14 21:54:46.646  INFO 6644 --- [localhost-startStop-1] o.s.b.w.servlet.FilterRegistrationBean   : Mapping filter: 'characterEncodingFilter' to: [/*]
2017-03-14 21:54:46.647  INFO 6644 --- [localhost-startStop-1] o.s.b.w.servlet.FilterRegistrationBean   : Mapping filter: 'hiddenHttpMethodFilter' to: [/*]
2017-03-14 21:54:46.648  INFO 6644 --- [localhost-startStop-1] o.s.b.w.servlet.FilterRegistrationBean   : Mapping filter: 'httpPutFormContentFilter' to: [/*]
2017-03-14 21:54:46.649  INFO 6644 --- [localhost-startStop-1] o.s.b.w.servlet.FilterRegistrationBean   : Mapping filter: 'requestContextFilter' to: [/*]
2017-03-14 21:54:46.652  INFO 6644 --- [localhost-startStop-1] .s.DelegatingFilterProxyRegistrationBean : Mapping filter: 'springSecurityFilterChain' to: [/*]
2017-03-14 21:54:46.653  INFO 6644 --- [localhost-startStop-1] o.s.b.c.embedded.FilterRegistrationBean  : Filter authenticationFilter was not registered (disabled)
2017-03-14 21:54:46.653  INFO 6644 --- [localhost-startStop-1] o.s.b.w.servlet.ServletRegistrationBean  : Mapping servlet: 'dispatcherServlet' to [/]
2017-03-14 21:54:47.151  INFO 6644 --- [main] b.a.s.AuthenticationManagerConfiguration : 

Using default security password: dabe8fcd-4e02-497b-9c34-b051cf975b60

2017-03-14 21:54:47.340  INFO 6644 --- [main] o.s.s.web.DefaultSecurityFilterChain     : Creating filter chain: org.springframework.security.web.util.matcher.AnyRequestMatcher@1, [org.springframework.security.web.context.request.async.WebAsyncManagerIntegrationFilter@365bfc5f, org.springframework.security.web.context.SecurityContextPersistenceFilter@13c90c06, org.springframework.security.web.savedrequest.RequestCacheAwareFilter@15f861ee, org.springframework.security.web.servletapi.SecurityContextHolderAwareRequestFilter@29892a77, org.springframework.security.web.authentication.AnonymousAuthenticationFilter@1a7e799e, org.springframework.security.web.session.SessionManagementFilter@29d2fa84, com.ugms.backend.outerapi.security.AuthenticationFilter@cb1ff17, org.springframework.security.web.access.ExceptionTranslationFilter@2f07930a]
2017-03-14 21:54:47.758  INFO 6644 --- [main] org.hibernate.dialect.Dialect            : HHH000400: Using dialect: org.hibernate.dialect.MySQL57InnoDBDialect
2017-03-14 21:54:48.114  INFO 6644 --- [main] s.w.s.m.m.a.RequestMappingHandlerAdapter : Looking for @ControllerAdvice: org.springframework.boot.context.embedded.AnnotationConfigEmbeddedWebApplicationContext@604c5de8: startup date [Tue Mar 14 21:54:33 CST 2017]; root of context hierarchy
2017-03-14 21:54:48.307  INFO 6644 --- [main] s.w.s.m.m.a.RequestMappingHandlerMapping : Mapped "{[/test]}" onto public java.lang.String com.ugms.backend.outerapi.controller.DemoController.ok()
2017-03-14 21:54:48.311  INFO 6644 --- [main] s.w.s.m.m.a.RequestMappingHandlerMapping : Mapped "{[/user/resources],methods=[GET]}" onto public com.ugms.backend.bean.base.response.DataResponse com.ugms.backend.outerapi.controller.ResourceController.resources(com.ugms.backend.service.entity.mysql.User)
2017-03-14 21:54:48.313  INFO 6644 --- [main] s.w.s.m.m.a.RequestMappingHandlerMapping : Mapped "{[/token],methods=[GET]}" onto public com.ugms.backend.bean.base.response.DataResponse<com.ugms.backend.bean.bean.response.TokenResponse> com.ugms.backend.outerapi.controller.TokenController.getToken(java.lang.String,java.lang.String)
2017-03-14 21:54:48.314  INFO 6644 --- [main] s.w.s.m.m.a.RequestMappingHandlerMapping : Mapped "{[/users/delete],methods=[POST]}" onto public com.ugms.backend.bean.base.response.BasicResponse com.ugms.backend.outerapi.controller.UserController.userDelete(com.ugms.backend.bean.bean.request.UserRequest)
2017-03-14 21:54:48.315  INFO 6644 --- [main] s.w.s.m.m.a.RequestMappingHandlerMapping : Mapped "{[/users],methods=[GET]}" onto public com.ugms.backend.bean.base.response.PagedDataResponse<com.ugms.backend.bean.bean.response.UserResponse> com.ugms.backend.outerapi.controller.UserController.userList(com.ugms.backend.bean.base.request.PageRequest)
2017-03-14 21:54:48.315  INFO 6644 --- [main] s.w.s.m.m.a.RequestMappingHandlerMapping : Mapped "{[/users],methods=[POST]}" onto public com.ugms.backend.bean.base.response.BasicResponse com.ugms.backend.outerapi.controller.UserController.userAdd(com.ugms.backend.bean.bean.request.UserRequest)
2017-03-14 21:54:48.320  INFO 6644 --- [main] s.w.s.m.m.a.RequestMappingHandlerMapping : Mapped "{[/error]}" onto public org.springframework.http.ResponseEntity<java.util.Map<java.lang.String, java.lang.Object>> org.springframework.boot.autoconfigure.web.BasicErrorController.error(javax.servlet.http.HttpServletRequest)
2017-03-14 21:54:48.321  INFO 6644 --- [main] s.w.s.m.m.a.RequestMappingHandlerMapping : Mapped "{[/error],produces=[text/html]}" onto public org.springframework.web.servlet.ModelAndView org.springframework.boot.autoconfigure.web.BasicErrorController.errorHtml(javax.servlet.http.HttpServletRequest,javax.servlet.http.HttpServletResponse)
2017-03-14 21:54:48.482  INFO 6644 --- [main] o.s.w.s.handler.SimpleUrlHandlerMapping  : Mapped URL path [/webjars/**] onto handler of type [class org.springframework.web.servlet.resource.ResourceHttpRequestHandler]
2017-03-14 21:54:48.483  INFO 6644 --- [main] o.s.w.s.handler.SimpleUrlHandlerMapping  : Mapped URL path [/static/**] onto handler of type [class org.springframework.web.servlet.resource.ResourceHttpRequestHandler]
2017-03-14 21:54:48.540  INFO 6644 --- [main] .m.m.a.ExceptionHandlerExceptionResolver : Detected @ExceptionHandler methods in exceptionMessageHandler
2017-03-14 21:54:48.640  INFO 6644 --- [main] o.s.w.s.handler.SimpleUrlHandlerMapping  : Mapped URL path [/**/favicon.ico] onto handler of type [class org.springframework.web.servlet.resource.ResourceHttpRequestHandler]
2017-03-14 21:54:49.655  WARN 6644 --- [main] arterDeprecationWarningAutoConfiguration : spring-boot-starter-redis is deprecated as of Spring Boot 1.4, please migrate to spring-boot-starter-data-redis
2017-03-14 21:54:50.114  INFO 6644 --- [main] o.s.j.e.a.AnnotationMBeanExporter        : Registering beans for JMX exposure on startup
2017-03-14 21:54:50.122  INFO 6644 --- [main] o.s.j.e.a.AnnotationMBeanExporter        : Bean with name 'dataSource' has been autodetected for JMX exposure
2017-03-14 21:54:50.133  INFO 6644 --- [main] o.s.j.e.a.AnnotationMBeanExporter        : Located MBean 'dataSource': registering with JMX server as MBean [com.alibaba.druid.pool:name=dataSource,type=DruidDataSource]
2017-03-14 21:54:50.298  INFO 6644 --- [main] s.b.c.e.t.TomcatEmbeddedServletContainer : Tomcat started on port(s): 8080 (http)
2017-03-14 21:54:50.319  INFO 6644 --- [main] c.u.backend.outerapi.WebapiApplication   : Started WebapiApplication in 19.616 seconds (JVM running for 20.981)
2017-03-14 21:56:17.235  INFO 6644 --- [http-nio-8080-exec-1] o.a.c.c.C.[Tomcat].[localhost].[/]       : Initializing Spring FrameworkServlet 'dispatcherServlet'
2017-03-14 21:56:17.237  INFO 6644 --- [http-nio-8080-exec-1] o.s.web.servlet.DispatcherServlet        : FrameworkServlet 'dispatcherServlet': initialization started
2017-03-14 21:56:17.333  INFO 6644 --- [http-nio-8080-exec-1] o.s.web.servlet.DispatcherServlet        : FrameworkServlet 'dispatcherServlet': initialization completed in 96 ms
2017-03-14 21:56:17.514  WARN 6644 --- [http-nio-8080-exec-1] o.s.web.servlet.PageNotFound             : No mapping found for HTTP request with URI [/demo/resources] in DispatcherServlet with name 'dispatcherServlet'
2017-03-14 22:03:19.536  INFO 6180 --- [main] c.u.backend.outerapi.WebapiApplication   : Starting WebapiApplication on PC-20090205KPMU with PID 6180 (E:\shanghhs\ugms\outer-api\target\classes started by Administrator in E:\shanghhs\ugms)
2017-03-14 22:03:19.545  INFO 6180 --- [main] c.u.backend.outerapi.WebapiApplication   : The following profiles are active: dev
2017-03-14 22:03:19.722  INFO 6180 --- [main] ationConfigEmbeddedWebApplicationContext : Refreshing org.springframework.boot.context.embedded.AnnotationConfigEmbeddedWebApplicationContext@604c5de8: startup date [Tue Mar 14 22:03:19 CST 2017]; root of context hierarchy
2017-03-14 22:03:23.819  INFO 6180 --- [main] .s.d.r.c.RepositoryConfigurationDelegate : Multiple Spring Data modules found, entering strict repository configuration mode!
2017-03-14 22:03:24.835  INFO 6180 --- [main] .s.d.r.c.RepositoryConfigurationDelegate : Multiple Spring Data modules found, entering strict repository configuration mode!
2017-03-14 22:03:24.941  INFO 6180 --- [main] .RepositoryConfigurationExtensionSupport : Spring Data Redis - Could not safely identify store assignment for repository candidate interface com.ugms.backend.service.repository.mysql.UserRepository.
2017-03-14 22:03:24.947  INFO 6180 --- [main] .RepositoryConfigurationExtensionSupport : Spring Data Redis - Could not safely identify store assignment for repository candidate interface com.ugms.backend.service.repository.mysql.ResourceRepository.
2017-03-14 22:03:24.951  INFO 6180 --- [main] .RepositoryConfigurationExtensionSupport : Spring Data Redis - Could not safely identify store assignment for repository candidate interface com.ugms.backend.service.repository.mysql.RoleRepository.
2017-03-14 22:03:24.955  INFO 6180 --- [main] .RepositoryConfigurationExtensionSupport : Spring Data Redis - Could not safely identify store assignment for repository candidate interface com.ugms.backend.service.repository.mysql.RoleResourceRepository.
2017-03-14 22:03:25.949  INFO 6180 --- [main] trationDelegate$BeanPostProcessorChecker : Bean 'webapiConfiguration' of type [class com.ugms.backend.outerapi.WebapiConfiguration$$EnhancerBySpringCGLIB$$20fa946b] is not eligible for getting processed by all BeanPostProcessors (for example: not eligible for auto-proxying)
2017-03-14 22:03:26.206  INFO 6180 --- [main] trationDelegate$BeanPostProcessorChecker : Bean 'org.springframework.transaction.annotation.ProxyTransactionManagementConfiguration' of type [class org.springframework.transaction.annotation.ProxyTransactionManagementConfiguration$$EnhancerBySpringCGLIB$$66f027a2] is not eligible for getting processed by all BeanPostProcessors (for example: not eligible for auto-proxying)
2017-03-14 22:03:26.299  INFO 6180 --- [main] trationDelegate$BeanPostProcessorChecker : Bean 'org.springframework.security.config.annotation.configuration.ObjectPostProcessorConfiguration' of type [class org.springframework.security.config.annotation.configuration.ObjectPostProcessorConfiguration$$EnhancerBySpringCGLIB$$ff9defdc] is not eligible for getting processed by all BeanPostProcessors (for example: not eligible for auto-proxying)
2017-03-14 22:03:26.325  INFO 6180 --- [main] trationDelegate$BeanPostProcessorChecker : Bean 'objectPostProcessor' of type [class org.springframework.security.config.annotation.configuration.AutowireBeanFactoryObjectPostProcessor] is not eligible for getting processed by all BeanPostProcessors (for example: not eligible for auto-proxying)
2017-03-14 22:03:26.328  INFO 6180 --- [main] trationDelegate$BeanPostProcessorChecker : Bean 'org.springframework.security.access.expression.method.DefaultMethodSecurityExpressionHandler@783b3aa0' of type [class org.springframework.security.access.expression.method.DefaultMethodSecurityExpressionHandler] is not eligible for getting processed by all BeanPostProcessors (for example: not eligible for auto-proxying)
2017-03-14 22:03:26.357  INFO 6180 --- [main] trationDelegate$BeanPostProcessorChecker : Bean 'methodSecurityConfiguration' of type [class com.ugms.backend.outerapi.security.MethodSecurityConfiguration$$EnhancerBySpringCGLIB$$68e69d9a] is not eligible for getting processed by all BeanPostProcessors (for example: not eligible for auto-proxying)
2017-03-14 22:03:26.399  INFO 6180 --- [main] trationDelegate$BeanPostProcessorChecker : Bean 'methodSecurityMetadataSource' of type [class org.springframework.security.access.method.DelegatingMethodSecurityMetadataSource] is not eligible for getting processed by all BeanPostProcessors (for example: not eligible for auto-proxying)
2017-03-14 22:03:41.938  INFO 3840 --- [main] c.u.backend.outerapi.WebapiApplication   : Starting WebapiApplication on PC-20090205KPMU with PID 3840 (E:\shanghhs\ugms\outer-api\target\classes started by Administrator in E:\shanghhs\ugms)
2017-03-14 22:03:41.947  INFO 3840 --- [main] c.u.backend.outerapi.WebapiApplication   : The following profiles are active: dev
2017-03-14 22:03:42.058  INFO 3840 --- [main] ationConfigEmbeddedWebApplicationContext : Refreshing org.springframework.boot.context.embedded.AnnotationConfigEmbeddedWebApplicationContext@37091312: startup date [Tue Mar 14 22:03:42 CST 2017]; root of context hierarchy
2017-03-14 22:03:45.732  INFO 3840 --- [main] .s.d.r.c.RepositoryConfigurationDelegate : Multiple Spring Data modules found, entering strict repository configuration mode!
2017-03-14 22:03:46.468  INFO 3840 --- [main] .s.d.r.c.RepositoryConfigurationDelegate : Multiple Spring Data modules found, entering strict repository configuration mode!
2017-03-14 22:03:46.567  INFO 3840 --- [main] .RepositoryConfigurationExtensionSupport : Spring Data Redis - Could not safely identify store assignment for repository candidate interface com.ugms.backend.service.repository.mysql.UserRepository.
2017-03-14 22:03:46.572  INFO 3840 --- [main] .RepositoryConfigurationExtensionSupport : Spring Data Redis - Could not safely identify store assignment for repository candidate interface com.ugms.backend.service.repository.mysql.ResourceRepository.
2017-03-14 22:03:46.575  INFO 3840 --- [main] .RepositoryConfigurationExtensionSupport : Spring Data Redis - Could not safely identify store assignment for repository candidate interface com.ugms.backend.service.repository.mysql.RoleRepository.
2017-03-14 22:03:46.577  INFO 3840 --- [main] .RepositoryConfigurationExtensionSupport : Spring Data Redis - Could not safely identify store assignment for repository candidate interface com.ugms.backend.service.repository.mysql.RoleResourceRepository.
2017-03-14 22:03:47.602  INFO 3840 --- [main] trationDelegate$BeanPostProcessorChecker : Bean 'webapiConfiguration' of type [class com.ugms.backend.outerapi.WebapiConfiguration$$EnhancerBySpringCGLIB$$e369e4c3] is not eligible for getting processed by all BeanPostProcessors (for example: not eligible for auto-proxying)
2017-03-14 22:03:47.914  INFO 3840 --- [main] trationDelegate$BeanPostProcessorChecker : Bean 'org.springframework.transaction.annotation.ProxyTransactionManagementConfiguration' of type [class org.springframework.transaction.annotation.ProxyTransactionManagementConfiguration$$EnhancerBySpringCGLIB$$295f77fa] is not eligible for getting processed by all BeanPostProcessors (for example: not eligible for auto-proxying)
2017-03-14 22:03:48.051  INFO 3840 --- [main] trationDelegate$BeanPostProcessorChecker : Bean 'org.springframework.security.config.annotation.configuration.ObjectPostProcessorConfiguration' of type [class org.springframework.security.config.annotation.configuration.ObjectPostProcessorConfiguration$$EnhancerBySpringCGLIB$$c20d4034] is not eligible for getting processed by all BeanPostProcessors (for example: not eligible for auto-proxying)
2017-03-14 22:03:48.084  INFO 3840 --- [main] trationDelegate$BeanPostProcessorChecker : Bean 'objectPostProcessor' of type [class org.springframework.security.config.annotation.configuration.AutowireBeanFactoryObjectPostProcessor] is not eligible for getting processed by all BeanPostProcessors (for example: not eligible for auto-proxying)
2017-03-14 22:03:48.088  INFO 3840 --- [main] trationDelegate$BeanPostProcessorChecker : Bean 'org.springframework.security.access.expression.method.DefaultMethodSecurityExpressionHandler@44faa4f2' of type [class org.springframework.security.access.expression.method.DefaultMethodSecurityExpressionHandler] is not eligible for getting processed by all BeanPostProcessors (for example: not eligible for auto-proxying)
2017-03-14 22:03:48.154  INFO 3840 --- [main] trationDelegate$BeanPostProcessorChecker : Bean 'methodSecurityConfiguration' of type [class com.ugms.backend.outerapi.security.MethodSecurityConfiguration$$EnhancerBySpringCGLIB$$2b55edf2] is not eligible for getting processed by all BeanPostProcessors (for example: not eligible for auto-proxying)
2017-03-14 22:03:48.223  INFO 3840 --- [main] trationDelegate$BeanPostProcessorChecker : Bean 'methodSecurityMetadataSource' of type [class org.springframework.security.access.method.DelegatingMethodSecurityMetadataSource] is not eligible for getting processed by all BeanPostProcessors (for example: not eligible for auto-proxying)
2017-03-14 22:03:49.363  INFO 3840 --- [main] s.b.c.e.t.TomcatEmbeddedServletContainer : Tomcat initialized with port(s): 8080 (http)
2017-03-14 22:03:49.392  INFO 3840 --- [main] o.apache.catalina.core.StandardService   : Starting service Tomcat
2017-03-14 22:03:49.396  INFO 3840 --- [main] org.apache.catalina.core.StandardEngine  : Starting Servlet Engine: Apache Tomcat/8.5.6
2017-03-14 22:03:49.736  INFO 3840 --- [localhost-startStop-1] o.a.c.c.C.[Tomcat].[localhost].[/]       : Initializing Spring embedded WebApplicationContext
2017-03-14 22:03:49.737  INFO 3840 --- [localhost-startStop-1] o.s.web.context.ContextLoader            : Root WebApplicationContext: initialization completed in 7679 ms
2017-03-14 22:03:51.457  INFO 3840 --- [localhost-startStop-1] j.LocalContainerEntityManagerFactoryBean : Building JPA container EntityManagerFactory for persistence unit 'default'
2017-03-14 22:03:51.496  INFO 3840 --- [localhost-startStop-1] o.hibernate.jpa.internal.util.LogHelper  : HHH000204: Processing PersistenceUnitInfo [
	name: default
	...]
2017-03-14 22:03:51.635  INFO 3840 --- [localhost-startStop-1] org.hibernate.Version                    : HHH000412: Hibernate Core {5.0.11.Final}
2017-03-14 22:03:51.641  INFO 3840 --- [localhost-startStop-1] org.hibernate.cfg.Environment            : HHH000206: hibernate.properties not found
2017-03-14 22:03:51.644  INFO 3840 --- [localhost-startStop-1] org.hibernate.cfg.Environment            : HHH000021: Bytecode provider name : javassist
2017-03-14 22:03:52.033  INFO 3840 --- [localhost-startStop-1] o.hibernate.annotations.common.Version   : HCANN000001: Hibernate Commons Annotations {5.0.1.Final}
2017-03-14 22:03:52.272  INFO 3840 --- [localhost-startStop-1] com.alibaba.druid.pool.DruidDataSource   : {dataSource-1} inited
2017-03-14 22:03:53.372  INFO 3840 --- [localhost-startStop-1] org.hibernate.dialect.Dialect            : HHH000400: Using dialect: org.hibernate.dialect.MySQL5Dialect
2017-03-14 22:03:54.359  INFO 3840 --- [localhost-startStop-1] j.LocalContainerEntityManagerFactoryBean : Initialized JPA EntityManagerFactory for persistence unit 'default'
2017-03-14 22:03:54.813  INFO 3840 --- [localhost-startStop-1] o.h.h.i.QueryTranslatorFactoryInitiator  : HHH000397: Using ASTQueryTranslatorFactory
2017-03-14 22:03:55.501  INFO 3840 --- [localhost-startStop-1] o.s.b.w.servlet.FilterRegistrationBean   : Mapping filter: 'characterEncodingFilter' to: [/*]
2017-03-14 22:03:55.502  INFO 3840 --- [localhost-startStop-1] o.s.b.w.servlet.FilterRegistrationBean   : Mapping filter: 'hiddenHttpMethodFilter' to: [/*]
2017-03-14 22:03:55.503  INFO 3840 --- [localhost-startStop-1] o.s.b.w.servlet.FilterRegistrationBean   : Mapping filter: 'httpPutFormContentFilter' to: [/*]
2017-03-14 22:03:55.504  INFO 3840 --- [localhost-startStop-1] o.s.b.w.servlet.FilterRegistrationBean   : Mapping filter: 'requestContextFilter' to: [/*]
2017-03-14 22:03:55.508  INFO 3840 --- [localhost-startStop-1] .s.DelegatingFilterProxyRegistrationBean : Mapping filter: 'springSecurityFilterChain' to: [/*]
2017-03-14 22:03:55.509  INFO 3840 --- [localhost-startStop-1] o.s.b.c.embedded.FilterRegistrationBean  : Filter authenticationFilter was not registered (disabled)
2017-03-14 22:03:55.510  INFO 3840 --- [localhost-startStop-1] o.s.b.w.servlet.ServletRegistrationBean  : Mapping servlet: 'dispatcherServlet' to [/]
2017-03-14 22:03:56.011  INFO 3840 --- [main] b.a.s.AuthenticationManagerConfiguration : 

Using default security password: 0bdf5d72-ca50-4f62-8fdb-1dc048fceeb4

2017-03-14 22:03:56.332  INFO 3840 --- [main] o.s.s.web.DefaultSecurityFilterChain     : Creating filter chain: org.springframework.security.web.util.matcher.AnyRequestMatcher@1, [org.springframework.security.web.context.request.async.WebAsyncManagerIntegrationFilter@32a033b6, org.springframework.security.web.context.SecurityContextPersistenceFilter@23469199, org.springframework.security.web.savedrequest.RequestCacheAwareFilter@5611bba, org.springframework.security.web.servletapi.SecurityContextHolderAwareRequestFilter@3355168, org.springframework.security.web.authentication.AnonymousAuthenticationFilter@5f6e2ad9, org.springframework.security.web.session.SessionManagementFilter@8af1c49, com.ugms.backend.outerapi.security.AuthenticationFilter@38d0c424, org.springframework.security.web.access.ExceptionTranslationFilter@68f776ee, org.springframework.security.web.access.intercept.FilterSecurityInterceptor@7a3643e3]
2017-03-14 22:03:56.747  INFO 3840 --- [main] org.hibernate.dialect.Dialect            : HHH000400: Using dialect: org.hibernate.dialect.MySQL57InnoDBDialect
2017-03-14 22:03:57.099  INFO 3840 --- [main] s.w.s.m.m.a.RequestMappingHandlerAdapter : Looking for @ControllerAdvice: org.springframework.boot.context.embedded.AnnotationConfigEmbeddedWebApplicationContext@37091312: startup date [Tue Mar 14 22:03:42 CST 2017]; root of context hierarchy
2017-03-14 22:03:57.325  INFO 3840 --- [main] s.w.s.m.m.a.RequestMappingHandlerMapping : Mapped "{[/test]}" onto public java.lang.String com.ugms.backend.outerapi.controller.DemoController.ok()
2017-03-14 22:03:57.330  INFO 3840 --- [main] s.w.s.m.m.a.RequestMappingHandlerMapping : Mapped "{[/user/resources],methods=[GET]}" onto public com.ugms.backend.bean.base.response.DataResponse com.ugms.backend.outerapi.controller.ResourceController.resources(com.ugms.backend.service.entity.mysql.User)
2017-03-14 22:03:57.331  INFO 3840 --- [main] s.w.s.m.m.a.RequestMappingHandlerMapping : Mapped "{[/token],methods=[GET]}" onto public com.ugms.backend.bean.base.response.DataResponse<com.ugms.backend.bean.bean.response.TokenResponse> com.ugms.backend.outerapi.controller.TokenController.getToken(java.lang.String,java.lang.String)
2017-03-14 22:03:57.332  INFO 3840 --- [main] s.w.s.m.m.a.RequestMappingHandlerMapping : Mapped "{[/users/delete],methods=[POST]}" onto public com.ugms.backend.bean.base.response.BasicResponse com.ugms.backend.outerapi.controller.UserController.userDelete(com.ugms.backend.bean.bean.request.UserRequest)
2017-03-14 22:03:57.333  INFO 3840 --- [main] s.w.s.m.m.a.RequestMappingHandlerMapping : Mapped "{[/users],methods=[GET]}" onto public com.ugms.backend.bean.base.response.PagedDataResponse<com.ugms.backend.bean.bean.response.UserResponse> com.ugms.backend.outerapi.controller.UserController.userList(com.ugms.backend.bean.base.request.PageRequest)
2017-03-14 22:03:57.333  INFO 3840 --- [main] s.w.s.m.m.a.RequestMappingHandlerMapping : Mapped "{[/users],methods=[POST]}" onto public com.ugms.backend.bean.base.response.BasicResponse com.ugms.backend.outerapi.controller.UserController.userAdd(com.ugms.backend.bean.bean.request.UserRequest)
2017-03-14 22:03:57.337  INFO 3840 --- [main] s.w.s.m.m.a.RequestMappingHandlerMapping : Mapped "{[/error]}" onto public org.springframework.http.ResponseEntity<java.util.Map<java.lang.String, java.lang.Object>> org.springframework.boot.autoconfigure.web.BasicErrorController.error(javax.servlet.http.HttpServletRequest)
2017-03-14 22:03:57.338  INFO 3840 --- [main] s.w.s.m.m.a.RequestMappingHandlerMapping : Mapped "{[/error],produces=[text/html]}" onto public org.springframework.web.servlet.ModelAndView org.springframework.boot.autoconfigure.web.BasicErrorController.errorHtml(javax.servlet.http.HttpServletRequest,javax.servlet.http.HttpServletResponse)
2017-03-14 22:03:57.612  INFO 3840 --- [main] o.s.w.s.handler.SimpleUrlHandlerMapping  : Mapped URL path [/webjars/**] onto handler of type [class org.springframework.web.servlet.resource.ResourceHttpRequestHandler]
2017-03-14 22:03:57.613  INFO 3840 --- [main] o.s.w.s.handler.SimpleUrlHandlerMapping  : Mapped URL path [/static/**] onto handler of type [class org.springframework.web.servlet.resource.ResourceHttpRequestHandler]
2017-03-14 22:03:57.682  INFO 3840 --- [main] .m.m.a.ExceptionHandlerExceptionResolver : Detected @ExceptionHandler methods in exceptionMessageHandler
2017-03-14 22:03:57.766  INFO 3840 --- [main] o.s.w.s.handler.SimpleUrlHandlerMapping  : Mapped URL path [/**/favicon.ico] onto handler of type [class org.springframework.web.servlet.resource.ResourceHttpRequestHandler]
2017-03-14 22:03:58.743  WARN 3840 --- [main] arterDeprecationWarningAutoConfiguration : spring-boot-starter-redis is deprecated as of Spring Boot 1.4, please migrate to spring-boot-starter-data-redis
2017-03-14 22:03:59.155  INFO 3840 --- [main] o.s.j.e.a.AnnotationMBeanExporter        : Registering beans for JMX exposure on startup
2017-03-14 22:03:59.160  INFO 3840 --- [main] o.s.j.e.a.AnnotationMBeanExporter        : Bean with name 'dataSource' has been autodetected for JMX exposure
2017-03-14 22:03:59.170  INFO 3840 --- [main] o.s.j.e.a.AnnotationMBeanExporter        : Located MBean 'dataSource': registering with JMX server as MBean [com.alibaba.druid.pool:name=dataSource,type=DruidDataSource]
2017-03-14 22:03:59.297  INFO 3840 --- [main] s.b.c.e.t.TomcatEmbeddedServletContainer : Tomcat started on port(s): 8080 (http)
2017-03-14 22:03:59.306  INFO 3840 --- [main] c.u.backend.outerapi.WebapiApplication   : Started WebapiApplication in 20.392 seconds (JVM running for 21.534)
2017-03-14 22:04:31.057  INFO 3840 --- [http-nio-8080-exec-1] o.a.c.c.C.[Tomcat].[localhost].[/]       : Initializing Spring FrameworkServlet 'dispatcherServlet'
2017-03-14 22:04:31.059  INFO 3840 --- [http-nio-8080-exec-1] o.s.web.servlet.DispatcherServlet        : FrameworkServlet 'dispatcherServlet': initialization started
2017-03-14 22:04:31.121  INFO 3840 --- [http-nio-8080-exec-1] o.s.web.servlet.DispatcherServlet        : FrameworkServlet 'dispatcherServlet': initialization completed in 59 ms
2017-03-14 22:04:31.271  WARN 3840 --- [http-nio-8080-exec-1] o.s.web.servlet.PageNotFound             : No mapping found for HTTP request with URI [/demo/resources] in DispatcherServlet with name 'dispatcherServlet'
2017-03-14 22:11:36.164  INFO 5360 --- [main] c.u.backend.outerapi.WebapiApplication   : Starting WebapiApplication on PC-20090205KPMU with PID 5360 (E:\shanghhs\ugms\outer-api\target\classes started by Administrator in E:\shanghhs\ugms)
2017-03-14 22:11:36.174  INFO 5360 --- [main] c.u.backend.outerapi.WebapiApplication   : The following profiles are active: dev
2017-03-14 22:11:36.304  INFO 5360 --- [main] ationConfigEmbeddedWebApplicationContext : Refreshing org.springframework.boot.context.embedded.AnnotationConfigEmbeddedWebApplicationContext@604c5de8: startup date [Tue Mar 14 22:11:36 CST 2017]; root of context hierarchy
2017-03-14 22:11:39.781  INFO 5360 --- [main] .s.d.r.c.RepositoryConfigurationDelegate : Multiple Spring Data modules found, entering strict repository configuration mode!
2017-03-14 22:11:41.071  INFO 5360 --- [main] .s.d.r.c.RepositoryConfigurationDelegate : Multiple Spring Data modules found, entering strict repository configuration mode!
2017-03-14 22:11:41.191  INFO 5360 --- [main] .RepositoryConfigurationExtensionSupport : Spring Data Redis - Could not safely identify store assignment for repository candidate interface com.ugms.backend.service.repository.mysql.UserRepository.
2017-03-14 22:11:41.197  INFO 5360 --- [main] .RepositoryConfigurationExtensionSupport : Spring Data Redis - Could not safely identify store assignment for repository candidate interface com.ugms.backend.service.repository.mysql.ResourceRepository.
2017-03-14 22:11:41.199  INFO 5360 --- [main] .RepositoryConfigurationExtensionSupport : Spring Data Redis - Could not safely identify store assignment for repository candidate interface com.ugms.backend.service.repository.mysql.RoleRepository.
2017-03-14 22:11:41.201  INFO 5360 --- [main] .RepositoryConfigurationExtensionSupport : Spring Data Redis - Could not safely identify store assignment for repository candidate interface com.ugms.backend.service.repository.mysql.RoleResourceRepository.
2017-03-14 22:11:42.024  INFO 5360 --- [main] trationDelegate$BeanPostProcessorChecker : Bean 'webapiConfiguration' of type [class com.ugms.backend.outerapi.WebapiConfiguration$$EnhancerBySpringCGLIB$$1a506478] is not eligible for getting processed by all BeanPostProcessors (for example: not eligible for auto-proxying)
2017-03-14 22:11:42.352  INFO 5360 --- [main] trationDelegate$BeanPostProcessorChecker : Bean 'org.springframework.transaction.annotation.ProxyTransactionManagementConfiguration' of type [class org.springframework.transaction.annotation.ProxyTransactionManagementConfiguration$$EnhancerBySpringCGLIB$$6045f7af] is not eligible for getting processed by all BeanPostProcessors (for example: not eligible for auto-proxying)
2017-03-14 22:11:42.500  INFO 5360 --- [main] trationDelegate$BeanPostProcessorChecker : Bean 'org.springframework.security.config.annotation.configuration.ObjectPostProcessorConfiguration' of type [class org.springframework.security.config.annotation.configuration.ObjectPostProcessorConfiguration$$EnhancerBySpringCGLIB$$f8f3bfe9] is not eligible for getting processed by all BeanPostProcessors (for example: not eligible for auto-proxying)
2017-03-14 22:11:42.526  INFO 5360 --- [main] trationDelegate$BeanPostProcessorChecker : Bean 'objectPostProcessor' of type [class org.springframework.security.config.annotation.configuration.AutowireBeanFactoryObjectPostProcessor] is not eligible for getting processed by all BeanPostProcessors (for example: not eligible for auto-proxying)
2017-03-14 22:11:42.531  INFO 5360 --- [main] trationDelegate$BeanPostProcessorChecker : Bean 'org.springframework.security.access.expression.method.DefaultMethodSecurityExpressionHandler@3e6748ae' of type [class org.springframework.security.access.expression.method.DefaultMethodSecurityExpressionHandler] is not eligible for getting processed by all BeanPostProcessors (for example: not eligible for auto-proxying)
2017-03-14 22:11:42.542  INFO 5360 --- [main] trationDelegate$BeanPostProcessorChecker : Bean 'methodSecurityConfiguration' of type [class com.ugms.backend.outerapi.security.MethodSecurityConfiguration$$EnhancerBySpringCGLIB$$623c6da7] is not eligible for getting processed by all BeanPostProcessors (for example: not eligible for auto-proxying)
2017-03-14 22:11:42.577  INFO 5360 --- [main] trationDelegate$BeanPostProcessorChecker : Bean 'methodSecurityMetadataSource' of type [class org.springframework.security.access.method.DelegatingMethodSecurityMetadataSource] is not eligible for getting processed by all BeanPostProcessors (for example: not eligible for auto-proxying)
2017-03-14 22:11:43.760  INFO 5360 --- [main] s.b.c.e.t.TomcatEmbeddedServletContainer : Tomcat initialized with port(s): 8080 (http)
2017-03-14 22:11:43.792  INFO 5360 --- [main] o.apache.catalina.core.StandardService   : Starting service Tomcat
2017-03-14 22:11:43.796  INFO 5360 --- [main] org.apache.catalina.core.StandardEngine  : Starting Servlet Engine: Apache Tomcat/8.5.6
2017-03-14 22:11:44.111  INFO 5360 --- [localhost-startStop-1] o.a.c.c.C.[Tomcat].[localhost].[/]       : Initializing Spring embedded WebApplicationContext
2017-03-14 22:11:44.112  INFO 5360 --- [localhost-startStop-1] o.s.web.context.ContextLoader            : Root WebApplicationContext: initialization completed in 7808 ms
2017-03-14 22:11:45.983  INFO 5360 --- [localhost-startStop-1] j.LocalContainerEntityManagerFactoryBean : Building JPA container EntityManagerFactory for persistence unit 'default'
2017-03-14 22:11:46.016  INFO 5360 --- [localhost-startStop-1] o.hibernate.jpa.internal.util.LogHelper  : HHH000204: Processing PersistenceUnitInfo [
	name: default
	...]
2017-03-14 22:11:46.151  INFO 5360 --- [localhost-startStop-1] org.hibernate.Version                    : HHH000412: Hibernate Core {5.0.11.Final}
2017-03-14 22:11:46.155  INFO 5360 --- [localhost-startStop-1] org.hibernate.cfg.Environment            : HHH000206: hibernate.properties not found
2017-03-14 22:11:46.159  INFO 5360 --- [localhost-startStop-1] org.hibernate.cfg.Environment            : HHH000021: Bytecode provider name : javassist
2017-03-14 22:11:46.400  INFO 5360 --- [localhost-startStop-1] o.hibernate.annotations.common.Version   : HCANN000001: Hibernate Commons Annotations {5.0.1.Final}
2017-03-14 22:11:46.666  INFO 5360 --- [localhost-startStop-1] com.alibaba.druid.pool.DruidDataSource   : {dataSource-1} inited
2017-03-14 22:11:47.895  INFO 5360 --- [localhost-startStop-1] org.hibernate.dialect.Dialect            : HHH000400: Using dialect: org.hibernate.dialect.MySQL5Dialect
2017-03-14 22:11:48.808  INFO 5360 --- [localhost-startStop-1] j.LocalContainerEntityManagerFactoryBean : Initialized JPA EntityManagerFactory for persistence unit 'default'
2017-03-14 22:11:49.247  INFO 5360 --- [localhost-startStop-1] o.h.h.i.QueryTranslatorFactoryInitiator  : HHH000397: Using ASTQueryTranslatorFactory
2017-03-14 22:11:50.094  INFO 5360 --- [localhost-startStop-1] o.s.b.w.servlet.FilterRegistrationBean   : Mapping filter: 'characterEncodingFilter' to: [/*]
2017-03-14 22:11:50.095  INFO 5360 --- [localhost-startStop-1] o.s.b.w.servlet.FilterRegistrationBean   : Mapping filter: 'hiddenHttpMethodFilter' to: [/*]
2017-03-14 22:11:50.096  INFO 5360 --- [localhost-startStop-1] o.s.b.w.servlet.FilterRegistrationBean   : Mapping filter: 'httpPutFormContentFilter' to: [/*]
2017-03-14 22:11:50.097  INFO 5360 --- [localhost-startStop-1] o.s.b.w.servlet.FilterRegistrationBean   : Mapping filter: 'requestContextFilter' to: [/*]
2017-03-14 22:11:50.100  INFO 5360 --- [localhost-startStop-1] .s.DelegatingFilterProxyRegistrationBean : Mapping filter: 'springSecurityFilterChain' to: [/*]
2017-03-14 22:11:50.101  INFO 5360 --- [localhost-startStop-1] o.s.b.c.embedded.FilterRegistrationBean  : Filter authenticationFilter was not registered (disabled)
2017-03-14 22:11:50.101  INFO 5360 --- [localhost-startStop-1] o.s.b.w.servlet.ServletRegistrationBean  : Mapping servlet: 'dispatcherServlet' to [/]
2017-03-14 22:11:50.656  INFO 5360 --- [main] b.a.s.AuthenticationManagerConfiguration : 

Using default security password: 4202b080-d8d1-4624-9891-5ba7f965eb3f

2017-03-14 22:11:51.037  INFO 5360 --- [main] o.s.s.web.DefaultSecurityFilterChain     : Creating filter chain: org.springframework.security.web.util.matcher.AnyRequestMatcher@1, [org.springframework.security.web.context.request.async.WebAsyncManagerIntegrationFilter@77a2688d, org.springframework.security.web.context.SecurityContextPersistenceFilter@36238b12, org.springframework.security.web.savedrequest.RequestCacheAwareFilter@41938e1e, org.springframework.security.web.servletapi.SecurityContextHolderAwareRequestFilter@74764622, org.springframework.security.web.authentication.AnonymousAuthenticationFilter@77c692b4, org.springframework.security.web.session.SessionManagementFilter@41167ded, com.ugms.backend.outerapi.security.AuthenticationFilter@e1d0002, org.springframework.security.web.access.ExceptionTranslationFilter@2d4f67e, org.springframework.security.web.access.intercept.FilterSecurityInterceptor@47be41c6]
2017-03-14 22:11:51.419  INFO 5360 --- [main] org.hibernate.dialect.Dialect            : HHH000400: Using dialect: org.hibernate.dialect.MySQL57InnoDBDialect
2017-03-14 22:11:51.897  INFO 5360 --- [main] s.w.s.m.m.a.RequestMappingHandlerAdapter : Looking for @ControllerAdvice: org.springframework.boot.context.embedded.AnnotationConfigEmbeddedWebApplicationContext@604c5de8: startup date [Tue Mar 14 22:11:36 CST 2017]; root of context hierarchy
2017-03-14 22:11:52.079  INFO 5360 --- [main] s.w.s.m.m.a.RequestMappingHandlerMapping : Mapped "{[/test]}" onto public java.lang.String com.ugms.backend.outerapi.controller.DemoController.ok()
2017-03-14 22:11:52.083  INFO 5360 --- [main] s.w.s.m.m.a.RequestMappingHandlerMapping : Mapped "{[/user/resources],methods=[GET]}" onto public com.ugms.backend.bean.base.response.DataResponse com.ugms.backend.outerapi.controller.ResourceController.resources(com.ugms.backend.service.entity.mysql.User)
2017-03-14 22:11:52.084  INFO 5360 --- [main] s.w.s.m.m.a.RequestMappingHandlerMapping : Mapped "{[/token],methods=[GET]}" onto public com.ugms.backend.bean.base.response.DataResponse<com.ugms.backend.bean.bean.response.TokenResponse> com.ugms.backend.outerapi.controller.TokenController.getToken(java.lang.String,java.lang.String)
2017-03-14 22:11:52.085  INFO 5360 --- [main] s.w.s.m.m.a.RequestMappingHandlerMapping : Mapped "{[/users],methods=[GET]}" onto public com.ugms.backend.bean.base.response.PagedDataResponse<com.ugms.backend.bean.bean.response.UserResponse> com.ugms.backend.outerapi.controller.UserController.userList(com.ugms.backend.bean.base.request.PageRequest)
2017-03-14 22:11:52.086  INFO 5360 --- [main] s.w.s.m.m.a.RequestMappingHandlerMapping : Mapped "{[/users],methods=[POST]}" onto public com.ugms.backend.bean.base.response.BasicResponse com.ugms.backend.outerapi.controller.UserController.userAdd(com.ugms.backend.bean.bean.request.UserRequest)
2017-03-14 22:11:52.086  INFO 5360 --- [main] s.w.s.m.m.a.RequestMappingHandlerMapping : Mapped "{[/users/delete],methods=[POST]}" onto public com.ugms.backend.bean.base.response.BasicResponse com.ugms.backend.outerapi.controller.UserController.userDelete(com.ugms.backend.bean.bean.request.UserRequest)
2017-03-14 22:11:52.091  INFO 5360 --- [main] s.w.s.m.m.a.RequestMappingHandlerMapping : Mapped "{[/error]}" onto public org.springframework.http.ResponseEntity<java.util.Map<java.lang.String, java.lang.Object>> org.springframework.boot.autoconfigure.web.BasicErrorController.error(javax.servlet.http.HttpServletRequest)
2017-03-14 22:11:52.093  INFO 5360 --- [main] s.w.s.m.m.a.RequestMappingHandlerMapping : Mapped "{[/error],produces=[text/html]}" onto public org.springframework.web.servlet.ModelAndView org.springframework.boot.autoconfigure.web.BasicErrorController.errorHtml(javax.servlet.http.HttpServletRequest,javax.servlet.http.HttpServletResponse)
2017-03-14 22:11:52.370  INFO 5360 --- [main] o.s.w.s.handler.SimpleUrlHandlerMapping  : Mapped URL path [/webjars/**] onto handler of type [class org.springframework.web.servlet.resource.ResourceHttpRequestHandler]
2017-03-14 22:11:52.371  INFO 5360 --- [main] o.s.w.s.handler.SimpleUrlHandlerMapping  : Mapped URL path [/static/**] onto handler of type [class org.springframework.web.servlet.resource.ResourceHttpRequestHandler]
2017-03-14 22:11:52.427  INFO 5360 --- [main] .m.m.a.ExceptionHandlerExceptionResolver : Detected @ExceptionHandler methods in exceptionMessageHandler
2017-03-14 22:11:52.505  INFO 5360 --- [main] o.s.w.s.handler.SimpleUrlHandlerMapping  : Mapped URL path [/**/favicon.ico] onto handler of type [class org.springframework.web.servlet.resource.ResourceHttpRequestHandler]
2017-03-14 22:11:53.522  WARN 5360 --- [main] arterDeprecationWarningAutoConfiguration : spring-boot-starter-redis is deprecated as of Spring Boot 1.4, please migrate to spring-boot-starter-data-redis
2017-03-14 22:11:54.000  INFO 5360 --- [main] o.s.j.e.a.AnnotationMBeanExporter        : Registering beans for JMX exposure on startup
2017-03-14 22:11:54.004  INFO 5360 --- [main] o.s.j.e.a.AnnotationMBeanExporter        : Bean with name 'dataSource' has been autodetected for JMX exposure
2017-03-14 22:11:54.015  INFO 5360 --- [main] o.s.j.e.a.AnnotationMBeanExporter        : Located MBean 'dataSource': registering with JMX server as MBean [com.alibaba.druid.pool:name=dataSource,type=DruidDataSource]
2017-03-14 22:11:54.152  INFO 5360 --- [main] s.b.c.e.t.TomcatEmbeddedServletContainer : Tomcat started on port(s): 8080 (http)
2017-03-14 22:11:54.164  INFO 5360 --- [main] c.u.backend.outerapi.WebapiApplication   : Started WebapiApplication in 20.527 seconds (JVM running for 21.633)
2017-03-14 22:12:22.963  INFO 7236 --- [main] c.u.backend.outerapi.WebapiApplication   : Starting WebapiApplication on PC-20090205KPMU with PID 7236 (E:\shanghhs\ugms\outer-api\target\classes started by Administrator in E:\shanghhs\ugms)
2017-03-14 22:12:22.976  INFO 7236 --- [main] c.u.backend.outerapi.WebapiApplication   : The following profiles are active: dev
2017-03-14 22:12:23.118  INFO 7236 --- [main] ationConfigEmbeddedWebApplicationContext : Refreshing org.springframework.boot.context.embedded.AnnotationConfigEmbeddedWebApplicationContext@604c5de8: startup date [Tue Mar 14 22:12:23 CST 2017]; root of context hierarchy
2017-03-14 22:12:26.123  INFO 7236 --- [main] .s.d.r.c.RepositoryConfigurationDelegate : Multiple Spring Data modules found, entering strict repository configuration mode!
2017-03-14 22:12:26.635  INFO 7236 --- [main] .s.d.r.c.RepositoryConfigurationDelegate : Multiple Spring Data modules found, entering strict repository configuration mode!
2017-03-14 22:12:26.717  INFO 7236 --- [main] .RepositoryConfigurationExtensionSupport : Spring Data Redis - Could not safely identify store assignment for repository candidate interface com.ugms.backend.service.repository.mysql.UserRepository.
2017-03-14 22:12:26.722  INFO 7236 --- [main] .RepositoryConfigurationExtensionSupport : Spring Data Redis - Could not safely identify store assignment for repository candidate interface com.ugms.backend.service.repository.mysql.ResourceRepository.
2017-03-14 22:12:26.724  INFO 7236 --- [main] .RepositoryConfigurationExtensionSupport : Spring Data Redis - Could not safely identify store assignment for repository candidate interface com.ugms.backend.service.repository.mysql.RoleRepository.
2017-03-14 22:12:26.725  INFO 7236 --- [main] .RepositoryConfigurationExtensionSupport : Spring Data Redis - Could not safely identify store assignment for repository candidate interface com.ugms.backend.service.repository.mysql.RoleResourceRepository.
2017-03-14 22:12:27.532  INFO 7236 --- [main] trationDelegate$BeanPostProcessorChecker : Bean 'webapiConfiguration' of type [class com.ugms.backend.outerapi.WebapiConfiguration$$EnhancerBySpringCGLIB$$22a342d] is not eligible for getting processed by all BeanPostProcessors (for example: not eligible for auto-proxying)
2017-03-14 22:12:27.795  INFO 7236 --- [main] trationDelegate$BeanPostProcessorChecker : Bean 'org.springframework.transaction.annotation.ProxyTransactionManagementConfiguration' of type [class org.springframework.transaction.annotation.ProxyTransactionManagementConfiguration$$EnhancerBySpringCGLIB$$481fc764] is not eligible for getting processed by all BeanPostProcessors (for example: not eligible for auto-proxying)
2017-03-14 22:12:27.927  INFO 7236 --- [main] trationDelegate$BeanPostProcessorChecker : Bean 'org.springframework.security.config.annotation.configuration.ObjectPostProcessorConfiguration' of type [class org.springframework.security.config.annotation.configuration.ObjectPostProcessorConfiguration$$EnhancerBySpringCGLIB$$e0cd8f9e] is not eligible for getting processed by all BeanPostProcessors (for example: not eligible for auto-proxying)
2017-03-14 22:12:27.952  INFO 7236 --- [main] trationDelegate$BeanPostProcessorChecker : Bean 'objectPostProcessor' of type [class org.springframework.security.config.annotation.configuration.AutowireBeanFactoryObjectPostProcessor] is not eligible for getting processed by all BeanPostProcessors (for example: not eligible for auto-proxying)
2017-03-14 22:12:27.957  INFO 7236 --- [main] trationDelegate$BeanPostProcessorChecker : Bean 'org.springframework.security.access.expression.method.DefaultMethodSecurityExpressionHandler@4ee8051c' of type [class org.springframework.security.access.expression.method.DefaultMethodSecurityExpressionHandler] is not eligible for getting processed by all BeanPostProcessors (for example: not eligible for auto-proxying)
2017-03-14 22:12:27.970  INFO 7236 --- [main] trationDelegate$BeanPostProcessorChecker : Bean 'methodSecurityConfiguration' of type [class com.ugms.backend.outerapi.security.MethodSecurityConfiguration$$EnhancerBySpringCGLIB$$4a163d5c] is not eligible for getting processed by all BeanPostProcessors (for example: not eligible for auto-proxying)
2017-03-14 22:12:28.001  INFO 7236 --- [main] trationDelegate$BeanPostProcessorChecker : Bean 'methodSecurityMetadataSource' of type [class org.springframework.security.access.method.DelegatingMethodSecurityMetadataSource] is not eligible for getting processed by all BeanPostProcessors (for example: not eligible for auto-proxying)
2017-03-14 22:12:29.160  INFO 7236 --- [main] s.b.c.e.t.TomcatEmbeddedServletContainer : Tomcat initialized with port(s): 8080 (http)
2017-03-14 22:12:29.189  INFO 7236 --- [main] o.apache.catalina.core.StandardService   : Starting service Tomcat
2017-03-14 22:12:29.192  INFO 7236 --- [main] org.apache.catalina.core.StandardEngine  : Starting Servlet Engine: Apache Tomcat/8.5.6
2017-03-14 22:12:29.458  INFO 7236 --- [localhost-startStop-1] o.a.c.c.C.[Tomcat].[localhost].[/]       : Initializing Spring embedded WebApplicationContext
2017-03-14 22:12:29.459  INFO 7236 --- [localhost-startStop-1] o.s.web.context.ContextLoader            : Root WebApplicationContext: initialization completed in 6341 ms
2017-03-14 22:12:31.160  INFO 7236 --- [localhost-startStop-1] j.LocalContainerEntityManagerFactoryBean : Building JPA container EntityManagerFactory for persistence unit 'default'
2017-03-14 22:12:31.201  INFO 7236 --- [localhost-startStop-1] o.hibernate.jpa.internal.util.LogHelper  : HHH000204: Processing PersistenceUnitInfo [
	name: default
	...]
2017-03-14 22:12:31.348  INFO 7236 --- [localhost-startStop-1] org.hibernate.Version                    : HHH000412: Hibernate Core {5.0.11.Final}
2017-03-14 22:12:31.352  INFO 7236 --- [localhost-startStop-1] org.hibernate.cfg.Environment            : HHH000206: hibernate.properties not found
2017-03-14 22:12:31.356  INFO 7236 --- [localhost-startStop-1] org.hibernate.cfg.Environment            : HHH000021: Bytecode provider name : javassist
2017-03-14 22:12:31.457  INFO 7236 --- [localhost-startStop-1] o.hibernate.annotations.common.Version   : HCANN000001: Hibernate Commons Annotations {5.0.1.Final}
2017-03-14 22:12:31.941  INFO 7236 --- [localhost-startStop-1] com.alibaba.druid.pool.DruidDataSource   : {dataSource-1} inited
2017-03-14 22:12:33.107  INFO 7236 --- [localhost-startStop-1] org.hibernate.dialect.Dialect            : HHH000400: Using dialect: org.hibernate.dialect.MySQL5Dialect
2017-03-14 22:12:34.078  INFO 7236 --- [localhost-startStop-1] j.LocalContainerEntityManagerFactoryBean : Initialized JPA EntityManagerFactory for persistence unit 'default'
2017-03-14 22:12:34.602  INFO 7236 --- [localhost-startStop-1] o.h.h.i.QueryTranslatorFactoryInitiator  : HHH000397: Using ASTQueryTranslatorFactory
2017-03-14 22:12:35.529  INFO 7236 --- [localhost-startStop-1] o.s.b.w.servlet.FilterRegistrationBean   : Mapping filter: 'characterEncodingFilter' to: [/*]
2017-03-14 22:12:35.531  INFO 7236 --- [localhost-startStop-1] o.s.b.w.servlet.FilterRegistrationBean   : Mapping filter: 'hiddenHttpMethodFilter' to: [/*]
2017-03-14 22:12:35.532  INFO 7236 --- [localhost-startStop-1] o.s.b.w.servlet.FilterRegistrationBean   : Mapping filter: 'httpPutFormContentFilter' to: [/*]
2017-03-14 22:12:35.532  INFO 7236 --- [localhost-startStop-1] o.s.b.w.servlet.FilterRegistrationBean   : Mapping filter: 'requestContextFilter' to: [/*]
2017-03-14 22:12:35.540  INFO 7236 --- [localhost-startStop-1] .s.DelegatingFilterProxyRegistrationBean : Mapping filter: 'springSecurityFilterChain' to: [/*]
2017-03-14 22:12:35.541  INFO 7236 --- [localhost-startStop-1] o.s.b.c.embedded.FilterRegistrationBean  : Filter authenticationFilter was not registered (disabled)
2017-03-14 22:12:35.541  INFO 7236 --- [localhost-startStop-1] o.s.b.w.servlet.ServletRegistrationBean  : Mapping servlet: 'dispatcherServlet' to [/]
2017-03-14 22:12:36.146  INFO 7236 --- [main] b.a.s.AuthenticationManagerConfiguration : 

Using default security password: 4a924de2-7db5-4fa9-ba45-aa7e85f81ebb

2017-03-14 22:12:36.430  INFO 7236 --- [main] o.s.s.web.DefaultSecurityFilterChain     : Creating filter chain: org.springframework.security.web.util.matcher.AnyRequestMatcher@1, [org.springframework.security.web.context.request.async.WebAsyncManagerIntegrationFilter@75dc1c1c, org.springframework.security.web.context.SecurityContextPersistenceFilter@7ff6804a, org.springframework.security.web.savedrequest.RequestCacheAwareFilter@7c5c20ed, org.springframework.security.web.servletapi.SecurityContextHolderAwareRequestFilter@b70fa38, org.springframework.security.web.authentication.AnonymousAuthenticationFilter@5611bba, org.springframework.security.web.session.SessionManagementFilter@7bc2bb58, com.ugms.backend.outerapi.security.AuthenticationFilter@32285ffb, org.springframework.security.web.access.ExceptionTranslationFilter@2404abe2, org.springframework.security.web.access.intercept.FilterSecurityInterceptor@68f776ee]
2017-03-14 22:12:36.861  INFO 7236 --- [main] org.hibernate.dialect.Dialect            : HHH000400: Using dialect: org.hibernate.dialect.MySQL57InnoDBDialect
2017-03-14 22:12:37.206  INFO 7236 --- [main] s.w.s.m.m.a.RequestMappingHandlerAdapter : Looking for @ControllerAdvice: org.springframework.boot.context.embedded.AnnotationConfigEmbeddedWebApplicationContext@604c5de8: startup date [Tue Mar 14 22:12:23 CST 2017]; root of context hierarchy
2017-03-14 22:12:37.446  INFO 7236 --- [main] s.w.s.m.m.a.RequestMappingHandlerMapping : Mapped "{[/test]}" onto public java.lang.String com.ugms.backend.outerapi.controller.DemoController.ok()
2017-03-14 22:12:37.450  INFO 7236 --- [main] s.w.s.m.m.a.RequestMappingHandlerMapping : Mapped "{[/user/resources],methods=[GET]}" onto public com.ugms.backend.bean.base.response.DataResponse com.ugms.backend.outerapi.controller.ResourceController.resources(com.ugms.backend.service.entity.mysql.User)
2017-03-14 22:12:37.452  INFO 7236 --- [main] s.w.s.m.m.a.RequestMappingHandlerMapping : Mapped "{[/token],methods=[GET]}" onto public com.ugms.backend.bean.base.response.DataResponse<com.ugms.backend.bean.bean.response.TokenResponse> com.ugms.backend.outerapi.controller.TokenController.getToken(java.lang.String,java.lang.String)
2017-03-14 22:12:37.453  INFO 7236 --- [main] s.w.s.m.m.a.RequestMappingHandlerMapping : Mapped "{[/users/delete],methods=[POST]}" onto public com.ugms.backend.bean.base.response.BasicResponse com.ugms.backend.outerapi.controller.UserController.userDelete(com.ugms.backend.bean.bean.request.UserRequest)
2017-03-14 22:12:37.454  INFO 7236 --- [main] s.w.s.m.m.a.RequestMappingHandlerMapping : Mapped "{[/users],methods=[GET]}" onto public com.ugms.backend.bean.base.response.PagedDataResponse<com.ugms.backend.bean.bean.response.UserResponse> com.ugms.backend.outerapi.controller.UserController.userList(com.ugms.backend.bean.base.request.PageRequest)
2017-03-14 22:12:37.454  INFO 7236 --- [main] s.w.s.m.m.a.RequestMappingHandlerMapping : Mapped "{[/users],methods=[POST]}" onto public com.ugms.backend.bean.base.response.BasicResponse com.ugms.backend.outerapi.controller.UserController.userAdd(com.ugms.backend.bean.bean.request.UserRequest)
2017-03-14 22:12:37.458  INFO 7236 --- [main] s.w.s.m.m.a.RequestMappingHandlerMapping : Mapped "{[/error]}" onto public org.springframework.http.ResponseEntity<java.util.Map<java.lang.String, java.lang.Object>> org.springframework.boot.autoconfigure.web.BasicErrorController.error(javax.servlet.http.HttpServletRequest)
2017-03-14 22:12:37.459  INFO 7236 --- [main] s.w.s.m.m.a.RequestMappingHandlerMapping : Mapped "{[/error],produces=[text/html]}" onto public org.springframework.web.servlet.ModelAndView org.springframework.boot.autoconfigure.web.BasicErrorController.errorHtml(javax.servlet.http.HttpServletRequest,javax.servlet.http.HttpServletResponse)
2017-03-14 22:12:37.580  INFO 7236 --- [main] o.s.w.s.handler.SimpleUrlHandlerMapping  : Mapped URL path [/webjars/**] onto handler of type [class org.springframework.web.servlet.resource.ResourceHttpRequestHandler]
2017-03-14 22:12:37.580  INFO 7236 --- [main] o.s.w.s.handler.SimpleUrlHandlerMapping  : Mapped URL path [/static/**] onto handler of type [class org.springframework.web.servlet.resource.ResourceHttpRequestHandler]
2017-03-14 22:12:37.645  INFO 7236 --- [main] .m.m.a.ExceptionHandlerExceptionResolver : Detected @ExceptionHandler methods in exceptionMessageHandler
2017-03-14 22:12:37.736  INFO 7236 --- [main] o.s.w.s.handler.SimpleUrlHandlerMapping  : Mapped URL path [/**/favicon.ico] onto handler of type [class org.springframework.web.servlet.resource.ResourceHttpRequestHandler]
2017-03-14 22:12:38.750  WARN 7236 --- [main] arterDeprecationWarningAutoConfiguration : spring-boot-starter-redis is deprecated as of Spring Boot 1.4, please migrate to spring-boot-starter-data-redis
2017-03-14 22:12:39.121  INFO 7236 --- [main] o.s.j.e.a.AnnotationMBeanExporter        : Registering beans for JMX exposure on startup
2017-03-14 22:12:39.125  INFO 7236 --- [main] o.s.j.e.a.AnnotationMBeanExporter        : Bean with name 'dataSource' has been autodetected for JMX exposure
2017-03-14 22:12:39.136  INFO 7236 --- [main] o.s.j.e.a.AnnotationMBeanExporter        : Located MBean 'dataSource': registering with JMX server as MBean [com.alibaba.druid.pool:name=dataSource,type=DruidDataSource]
2017-03-14 22:12:39.250  INFO 7236 --- [main] s.b.c.e.t.TomcatEmbeddedServletContainer : Tomcat started on port(s): 8080 (http)
2017-03-14 22:12:39.260  INFO 7236 --- [main] c.u.backend.outerapi.WebapiApplication   : Started WebapiApplication in 18.447 seconds (JVM running for 19.938)
2017-03-14 22:28:15.674  INFO 7236 --- [http-nio-8080-exec-1] o.a.c.c.C.[Tomcat].[localhost].[/]       : Initializing Spring FrameworkServlet 'dispatcherServlet'
2017-03-14 22:28:15.675  INFO 7236 --- [http-nio-8080-exec-1] o.s.web.servlet.DispatcherServlet        : FrameworkServlet 'dispatcherServlet': initialization started
2017-03-14 22:28:15.728  INFO 7236 --- [http-nio-8080-exec-1] o.s.web.servlet.DispatcherServlet        : FrameworkServlet 'dispatcherServlet': initialization completed in 52 ms
2017-03-14 22:28:15.850  WARN 7236 --- [http-nio-8080-exec-1] o.s.web.servlet.PageNotFound             : No mapping found for HTTP request with URI [/demo/resources] in DispatcherServlet with name 'dispatcherServlet'
2017-03-14 22:28:56.387  WARN 7236 --- [http-nio-8080-exec-3] o.s.web.servlet.PageNotFound             : No mapping found for HTTP request with URI [/demo/resources] in DispatcherServlet with name 'dispatcherServlet'
2017-03-14 22:29:33.316  WARN 7236 --- [http-nio-8080-exec-5] o.s.web.servlet.PageNotFound             : No mapping found for HTTP request with URI [/resources] in DispatcherServlet with name 'dispatcherServlet'
2017-03-14 22:31:53.174  WARN 7236 --- [http-nio-8080-exec-7] o.s.web.servlet.PageNotFound             : No mapping found for HTTP request with URI [/resources] in DispatcherServlet with name 'dispatcherServlet'
2017-03-14 22:33:47.988  INFO 7288 --- [main] c.u.backend.outerapi.WebapiApplication   : Starting WebapiApplication on PC-20090205KPMU with PID 7288 (E:\shanghhs\ugms\outer-api\target\classes started by Administrator in E:\shanghhs\ugms)
2017-03-14 22:33:47.998  INFO 7288 --- [main] c.u.backend.outerapi.WebapiApplication   : The following profiles are active: dev
2017-03-14 22:33:48.343  INFO 7288 --- [main] ationConfigEmbeddedWebApplicationContext : Refreshing org.springframework.boot.context.embedded.AnnotationConfigEmbeddedWebApplicationContext@37091312: startup date [Tue Mar 14 22:33:48 CST 2017]; root of context hierarchy
2017-03-14 22:33:51.617  INFO 7288 --- [main] .s.d.r.c.RepositoryConfigurationDelegate : Multiple Spring Data modules found, entering strict repository configuration mode!
2017-03-14 22:33:52.196  INFO 7288 --- [main] .s.d.r.c.RepositoryConfigurationDelegate : Multiple Spring Data modules found, entering strict repository configuration mode!
2017-03-14 22:33:52.289  INFO 7288 --- [main] .RepositoryConfigurationExtensionSupport : Spring Data Redis - Could not safely identify store assignment for repository candidate interface com.ugms.backend.service.repository.mysql.UserRepository.
2017-03-14 22:33:52.292  INFO 7288 --- [main] .RepositoryConfigurationExtensionSupport : Spring Data Redis - Could not safely identify store assignment for repository candidate interface com.ugms.backend.service.repository.mysql.ResourceRepository.
2017-03-14 22:33:52.294  INFO 7288 --- [main] .RepositoryConfigurationExtensionSupport : Spring Data Redis - Could not safely identify store assignment for repository candidate interface com.ugms.backend.service.repository.mysql.RoleRepository.
2017-03-14 22:33:52.295  INFO 7288 --- [main] .RepositoryConfigurationExtensionSupport : Spring Data Redis - Could not safely identify store assignment for repository candidate interface com.ugms.backend.service.repository.mysql.RoleResourceRepository.
2017-03-14 22:33:53.209  INFO 7288 --- [main] trationDelegate$BeanPostProcessorChecker : Bean 'webapiConfiguration' of type [class com.ugms.backend.outerapi.WebapiConfiguration$$EnhancerBySpringCGLIB$$aadc3c36] is not eligible for getting processed by all BeanPostProcessors (for example: not eligible for auto-proxying)
2017-03-14 22:33:53.503  INFO 7288 --- [main] trationDelegate$BeanPostProcessorChecker : Bean 'org.springframework.transaction.annotation.ProxyTransactionManagementConfiguration' of type [class org.springframework.transaction.annotation.ProxyTransactionManagementConfiguration$$EnhancerBySpringCGLIB$$f0d1cf6d] is not eligible for getting processed by all BeanPostProcessors (for example: not eligible for auto-proxying)
2017-03-14 22:33:53.611  INFO 7288 --- [main] trationDelegate$BeanPostProcessorChecker : Bean 'org.springframework.security.config.annotation.configuration.ObjectPostProcessorConfiguration' of type [class org.springframework.security.config.annotation.configuration.ObjectPostProcessorConfiguration$$EnhancerBySpringCGLIB$$897f97a7] is not eligible for getting processed by all BeanPostProcessors (for example: not eligible for auto-proxying)
2017-03-14 22:33:53.634  INFO 7288 --- [main] trationDelegate$BeanPostProcessorChecker : Bean 'objectPostProcessor' of type [class org.springframework.security.config.annotation.configuration.AutowireBeanFactoryObjectPostProcessor] is not eligible for getting processed by all BeanPostProcessors (for example: not eligible for auto-proxying)
2017-03-14 22:33:53.644  INFO 7288 --- [main] trationDelegate$BeanPostProcessorChecker : Bean 'org.springframework.security.access.expression.method.DefaultMethodSecurityExpressionHandler@5c234920' of type [class org.springframework.security.access.expression.method.DefaultMethodSecurityExpressionHandler] is not eligible for getting processed by all BeanPostProcessors (for example: not eligible for auto-proxying)
2017-03-14 22:33:53.665  INFO 7288 --- [main] trationDelegate$BeanPostProcessorChecker : Bean 'methodSecurityConfiguration' of type [class com.ugms.backend.outerapi.security.MethodSecurityConfiguration$$EnhancerBySpringCGLIB$$f2c84565] is not eligible for getting processed by all BeanPostProcessors (for example: not eligible for auto-proxying)
2017-03-14 22:33:53.739  INFO 7288 --- [main] trationDelegate$BeanPostProcessorChecker : Bean 'methodSecurityMetadataSource' of type [class org.springframework.security.access.method.DelegatingMethodSecurityMetadataSource] is not eligible for getting processed by all BeanPostProcessors (for example: not eligible for auto-proxying)
2017-03-14 22:33:54.991  INFO 7288 --- [main] s.b.c.e.t.TomcatEmbeddedServletContainer : Tomcat initialized with port(s): 8080 (http)
2017-03-14 22:33:55.039  INFO 7288 --- [main] o.apache.catalina.core.StandardService   : Starting service Tomcat
2017-03-14 22:33:55.041  INFO 7288 --- [main] org.apache.catalina.core.StandardEngine  : Starting Servlet Engine: Apache Tomcat/8.5.6
2017-03-14 22:33:55.473  INFO 7288 --- [localhost-startStop-1] o.a.c.c.C.[Tomcat].[localhost].[/]       : Initializing Spring embedded WebApplicationContext
2017-03-14 22:33:55.474  INFO 7288 --- [localhost-startStop-1] o.s.web.context.ContextLoader            : Root WebApplicationContext: initialization completed in 7148 ms
2017-03-14 22:33:57.316  INFO 7288 --- [localhost-startStop-1] j.LocalContainerEntityManagerFactoryBean : Building JPA container EntityManagerFactory for persistence unit 'default'
2017-03-14 22:33:57.353  INFO 7288 --- [localhost-startStop-1] o.hibernate.jpa.internal.util.LogHelper  : HHH000204: Processing PersistenceUnitInfo [
	name: default
	...]
2017-03-14 22:33:57.515  INFO 7288 --- [localhost-startStop-1] org.hibernate.Version                    : HHH000412: Hibernate Core {5.0.11.Final}
2017-03-14 22:33:57.520  INFO 7288 --- [localhost-startStop-1] org.hibernate.cfg.Environment            : HHH000206: hibernate.properties not found
2017-03-14 22:33:57.532  INFO 7288 --- [localhost-startStop-1] org.hibernate.cfg.Environment            : HHH000021: Bytecode provider name : javassist
2017-03-14 22:33:57.932  INFO 7288 --- [localhost-startStop-1] o.hibernate.annotations.common.Version   : HCANN000001: Hibernate Commons Annotations {5.0.1.Final}
2017-03-14 22:33:58.306  INFO 7288 --- [localhost-startStop-1] com.alibaba.druid.pool.DruidDataSource   : {dataSource-1} inited
2017-03-14 22:33:59.477  INFO 7288 --- [localhost-startStop-1] org.hibernate.dialect.Dialect            : HHH000400: Using dialect: org.hibernate.dialect.MySQL5Dialect
2017-03-14 22:34:00.599  INFO 7288 --- [localhost-startStop-1] j.LocalContainerEntityManagerFactoryBean : Initialized JPA EntityManagerFactory for persistence unit 'default'
2017-03-14 22:34:01.218  INFO 7288 --- [localhost-startStop-1] o.h.h.i.QueryTranslatorFactoryInitiator  : HHH000397: Using ASTQueryTranslatorFactory
2017-03-14 22:34:02.104  INFO 7288 --- [localhost-startStop-1] o.s.b.w.servlet.FilterRegistrationBean   : Mapping filter: 'characterEncodingFilter' to: [/*]
2017-03-14 22:34:02.106  INFO 7288 --- [localhost-startStop-1] o.s.b.w.servlet.FilterRegistrationBean   : Mapping filter: 'hiddenHttpMethodFilter' to: [/*]
2017-03-14 22:34:02.106  INFO 7288 --- [localhost-startStop-1] o.s.b.w.servlet.FilterRegistrationBean   : Mapping filter: 'httpPutFormContentFilter' to: [/*]
2017-03-14 22:34:02.107  INFO 7288 --- [localhost-startStop-1] o.s.b.w.servlet.FilterRegistrationBean   : Mapping filter: 'requestContextFilter' to: [/*]
2017-03-14 22:34:02.110  INFO 7288 --- [localhost-startStop-1] .s.DelegatingFilterProxyRegistrationBean : Mapping filter: 'springSecurityFilterChain' to: [/*]
2017-03-14 22:34:02.112  INFO 7288 --- [localhost-startStop-1] o.s.b.c.embedded.FilterRegistrationBean  : Filter authenticationFilter was not registered (disabled)
2017-03-14 22:34:02.112  INFO 7288 --- [localhost-startStop-1] o.s.b.w.servlet.ServletRegistrationBean  : Mapping servlet: 'dispatcherServlet' to [/]
2017-03-14 22:34:02.707  INFO 7288 --- [main] b.a.s.AuthenticationManagerConfiguration : 

Using default security password: a49f224b-d4c9-499e-a13d-aae094407a6d

2017-03-14 22:34:03.065  INFO 7288 --- [main] o.s.s.web.DefaultSecurityFilterChain     : Creating filter chain: org.springframework.security.web.util.matcher.AnyRequestMatcher@1, [org.springframework.security.web.context.request.async.WebAsyncManagerIntegrationFilter@5341e71a, org.springframework.security.web.context.SecurityContextPersistenceFilter@69fe7090, org.springframework.security.web.savedrequest.RequestCacheAwareFilter@66ab924, org.springframework.security.web.servletapi.SecurityContextHolderAwareRequestFilter@347123dc, org.springframework.security.web.authentication.AnonymousAuthenticationFilter@405d8a80, org.springframework.security.web.session.SessionManagementFilter@24a8e40d, com.ugms.backend.outerapi.security.AuthenticationFilter@74cde133, org.springframework.security.web.access.ExceptionTranslationFilter@105dc04d, org.springframework.security.web.access.intercept.FilterSecurityInterceptor@3f1158ee]
2017-03-14 22:34:03.563  INFO 7288 --- [main] org.hibernate.dialect.Dialect            : HHH000400: Using dialect: org.hibernate.dialect.MySQL57InnoDBDialect
2017-03-14 22:34:03.987  INFO 7288 --- [main] s.w.s.m.m.a.RequestMappingHandlerAdapter : Looking for @ControllerAdvice: org.springframework.boot.context.embedded.AnnotationConfigEmbeddedWebApplicationContext@37091312: startup date [Tue Mar 14 22:33:48 CST 2017]; root of context hierarchy
2017-03-14 22:34:04.307  INFO 7288 --- [main] s.w.s.m.m.a.RequestMappingHandlerMapping : Mapped "{[/test]}" onto public java.lang.String com.ugms.backend.outerapi.controller.DemoController.ok()
2017-03-14 22:34:04.310  INFO 7288 --- [main] s.w.s.m.m.a.RequestMappingHandlerMapping : Mapped "{[/user/resources],methods=[GET]}" onto public com.ugms.backend.bean.base.response.DataResponse com.ugms.backend.outerapi.controller.ResourceController.resources(com.ugms.backend.service.entity.mysql.User)
2017-03-14 22:34:04.313  INFO 7288 --- [main] s.w.s.m.m.a.RequestMappingHandlerMapping : Mapped "{[/token],methods=[GET]}" onto public com.ugms.backend.bean.base.response.DataResponse<com.ugms.backend.bean.bean.response.TokenResponse> com.ugms.backend.outerapi.controller.TokenController.getToken(java.lang.String,java.lang.String)
2017-03-14 22:34:04.314  INFO 7288 --- [main] s.w.s.m.m.a.RequestMappingHandlerMapping : Mapped "{[/users],methods=[POST]}" onto public com.ugms.backend.bean.base.response.BasicResponse com.ugms.backend.outerapi.controller.UserController.userAdd(com.ugms.backend.bean.bean.request.UserRequest)
2017-03-14 22:34:04.315  INFO 7288 --- [main] s.w.s.m.m.a.RequestMappingHandlerMapping : Mapped "{[/users/delete],methods=[POST]}" onto public com.ugms.backend.bean.base.response.BasicResponse com.ugms.backend.outerapi.controller.UserController.userDelete(com.ugms.backend.bean.bean.request.UserRequest)
2017-03-14 22:34:04.315  INFO 7288 --- [main] s.w.s.m.m.a.RequestMappingHandlerMapping : Mapped "{[/users],methods=[GET]}" onto public com.ugms.backend.bean.base.response.PagedDataResponse<com.ugms.backend.bean.bean.response.UserResponse> com.ugms.backend.outerapi.controller.UserController.userList(com.ugms.backend.bean.base.request.PageRequest)
2017-03-14 22:34:04.322  INFO 7288 --- [main] s.w.s.m.m.a.RequestMappingHandlerMapping : Mapped "{[/error]}" onto public org.springframework.http.ResponseEntity<java.util.Map<java.lang.String, java.lang.Object>> org.springframework.boot.autoconfigure.web.BasicErrorController.error(javax.servlet.http.HttpServletRequest)
2017-03-14 22:34:04.323  INFO 7288 --- [main] s.w.s.m.m.a.RequestMappingHandlerMapping : Mapped "{[/error],produces=[text/html]}" onto public org.springframework.web.servlet.ModelAndView org.springframework.boot.autoconfigure.web.BasicErrorController.errorHtml(javax.servlet.http.HttpServletRequest,javax.servlet.http.HttpServletResponse)
2017-03-14 22:34:04.487  INFO 7288 --- [main] o.s.w.s.handler.SimpleUrlHandlerMapping  : Mapped URL path [/webjars/**] onto handler of type [class org.springframework.web.servlet.resource.ResourceHttpRequestHandler]
2017-03-14 22:34:04.488  INFO 7288 --- [main] o.s.w.s.handler.SimpleUrlHandlerMapping  : Mapped URL path [/static/**] onto handler of type [class org.springframework.web.servlet.resource.ResourceHttpRequestHandler]
2017-03-14 22:34:04.561  INFO 7288 --- [main] .m.m.a.ExceptionHandlerExceptionResolver : Detected @ExceptionHandler methods in exceptionMessageHandler
2017-03-14 22:34:04.843  INFO 7288 --- [main] o.s.w.s.handler.SimpleUrlHandlerMapping  : Mapped URL path [/**/favicon.ico] onto handler of type [class org.springframework.web.servlet.resource.ResourceHttpRequestHandler]
2017-03-14 22:34:05.927  WARN 7288 --- [main] arterDeprecationWarningAutoConfiguration : spring-boot-starter-redis is deprecated as of Spring Boot 1.4, please migrate to spring-boot-starter-data-redis
2017-03-14 22:34:06.375  INFO 7288 --- [main] o.s.j.e.a.AnnotationMBeanExporter        : Registering beans for JMX exposure on startup
2017-03-14 22:34:06.380  INFO 7288 --- [main] o.s.j.e.a.AnnotationMBeanExporter        : Bean with name 'dataSource' has been autodetected for JMX exposure
2017-03-14 22:34:06.393  INFO 7288 --- [main] o.s.j.e.a.AnnotationMBeanExporter        : Located MBean 'dataSource': registering with JMX server as MBean [com.alibaba.druid.pool:name=dataSource,type=DruidDataSource]
2017-03-14 22:34:06.535  INFO 7288 --- [main] s.b.c.e.t.TomcatEmbeddedServletContainer : Tomcat started on port(s): 8080 (http)
2017-03-14 22:34:06.563  INFO 7288 --- [main] c.u.backend.outerapi.WebapiApplication   : Started WebapiApplication in 20.779 seconds (JVM running for 21.972)
2017-03-14 22:49:07.630  INFO 7288 --- [http-nio-8080-exec-1] o.a.c.c.C.[Tomcat].[localhost].[/]       : Initializing Spring FrameworkServlet 'dispatcherServlet'
2017-03-14 22:49:07.631  INFO 7288 --- [http-nio-8080-exec-1] o.s.web.servlet.DispatcherServlet        : FrameworkServlet 'dispatcherServlet': initialization started
2017-03-14 22:49:07.679  INFO 7288 --- [http-nio-8080-exec-1] o.s.web.servlet.DispatcherServlet        : FrameworkServlet 'dispatcherServlet': initialization completed in 48 ms
